<testsuites id="" name="" tests="160" failures="152" skipped="0" errors="0" time="334.37799299999995">
<testsuite name="ui\crm-onlytests.spec.ts" timestamp="2025-09-25T16:07:00.269Z" hostname="CRM Desktop - OnlyTests" tests="20" failures="19" skipped="0" time="272.91" errors="0">
<testcase name="CRM Projects - OnlyTests Approach › should create new project" classname="ui\crm-onlytests.spec.ts" time="14.495">
<failure message="crm-onlytests.spec.ts:10:7 should create new project" type="FAILURE">
<![CDATA[  [CRM Desktop - OnlyTests] › ui\crm-onlytests.spec.ts:10:7 › CRM Projects - OnlyTests Approach › should create new project 

    TimeoutError: locator.click: Timeout 10000ms exceeded.
    Call log:
      - waiting for getByRole('button', { name: 'New Project' })


       at ..\src\pages\projects-page.ts:44

      42 |
      43 |   async createProject(name: string, description: string, priority: string = 'medium'): Promise<void> {
    > 44 |     await this.newProjectButton.click();
         |                                 ^
      45 |     await this.projectNameInput.fill(name);
      46 |     await this.projectDescriptionInput.fill(description);
      47 |     await this.prioritySelect.selectOption(priority);
        at ProjectsPage.createProject (E:\My\AI-Fitness_Coach_360\dev-crm\src\pages\projects-page.ts:44:33)
        at E:\My\AI-Fitness_Coach_360\dev-crm\tests\ui\crm-onlytests.spec.ts:12:24

    attachment #1: screenshot (image/png) ──────────────────────────────────────────────────────────
    ..\test-results\ui-crm-onlytests-CRM-Proje-edb53-h-should-create-new-project-CRM-Desktop---OnlyTests\test-failed-1.png
    ────────────────────────────────────────────────────────────────────────────────────────────────

    attachment #2: video (video/webm) ──────────────────────────────────────────────────────────────
    ..\test-results\ui-crm-onlytests-CRM-Proje-edb53-h-should-create-new-project-CRM-Desktop---OnlyTests\video.webm
    ────────────────────────────────────────────────────────────────────────────────────────────────

    Error Context: ..\test-results\ui-crm-onlytests-CRM-Proje-edb53-h-should-create-new-project-CRM-Desktop---OnlyTests\error-context.md
]]>
</failure>
<system-out>
<![CDATA[
[[ATTACHMENT|test-results\ui-crm-onlytests-CRM-Proje-edb53-h-should-create-new-project-CRM-Desktop---OnlyTests\test-failed-1.png]]

[[ATTACHMENT|test-results\ui-crm-onlytests-CRM-Proje-edb53-h-should-create-new-project-CRM-Desktop---OnlyTests\video.webm]]

[[ATTACHMENT|test-results\ui-crm-onlytests-CRM-Proje-edb53-h-should-create-new-project-CRM-Desktop---OnlyTests\error-context.md]]
]]>
</system-out>
</testcase>
<testcase name="CRM Projects - OnlyTests Approach › should create project with AI analysis" classname="ui\crm-onlytests.spec.ts" time="14.194">
<failure message="crm-onlytests.spec.ts:18:7 should create project with AI analysis" type="FAILURE">
<![CDATA[  [CRM Desktop - OnlyTests] › ui\crm-onlytests.spec.ts:18:7 › CRM Projects - OnlyTests Approach › should create project with AI analysis 

    TimeoutError: locator.click: Timeout 10000ms exceeded.
    Call log:
      - waiting for getByRole('button', { name: 'New Project' })


       at ..\src\pages\projects-page.ts:52

      50 |
      51 |   async createProjectWithAI(name: string, description: string, priority: string = 'high'): Promise<void> {
    > 52 |     await this.newProjectButton.click();
         |                                 ^
      53 |     await this.projectNameInput.fill(name);
      54 |     await this.projectDescriptionInput.fill(description);
      55 |     await this.prioritySelect.selectOption(priority);
        at ProjectsPage.createProjectWithAI (E:\My\AI-Fitness_Coach_360\dev-crm\src\pages\projects-page.ts:52:33)
        at E:\My\AI-Fitness_Coach_360\dev-crm\tests\ui\crm-onlytests.spec.ts:20:24

    attachment #1: screenshot (image/png) ──────────────────────────────────────────────────────────
    ..\test-results\ui-crm-onlytests-CRM-Proje-b1d10-te-project-with-AI-analysis-CRM-Desktop---OnlyTests\test-failed-1.png
    ────────────────────────────────────────────────────────────────────────────────────────────────

    attachment #2: video (video/webm) ──────────────────────────────────────────────────────────────
    ..\test-results\ui-crm-onlytests-CRM-Proje-b1d10-te-project-with-AI-analysis-CRM-Desktop---OnlyTests\video.webm
    ────────────────────────────────────────────────────────────────────────────────────────────────

    Error Context: ..\test-results\ui-crm-onlytests-CRM-Proje-b1d10-te-project-with-AI-analysis-CRM-Desktop---OnlyTests\error-context.md
]]>
</failure>
<system-out>
<![CDATA[
[[ATTACHMENT|test-results\ui-crm-onlytests-CRM-Proje-b1d10-te-project-with-AI-analysis-CRM-Desktop---OnlyTests\test-failed-1.png]]

[[ATTACHMENT|test-results\ui-crm-onlytests-CRM-Proje-b1d10-te-project-with-AI-analysis-CRM-Desktop---OnlyTests\video.webm]]

[[ATTACHMENT|test-results\ui-crm-onlytests-CRM-Proje-b1d10-te-project-with-AI-analysis-CRM-Desktop---OnlyTests\error-context.md]]
]]>
</system-out>
</testcase>
<testcase name="CRM Projects - OnlyTests Approach › should delete project" classname="ui\crm-onlytests.spec.ts" time="14.568">
<failure message="crm-onlytests.spec.ts:26:7 should delete project" type="FAILURE">
<![CDATA[  [CRM Desktop - OnlyTests] › ui\crm-onlytests.spec.ts:26:7 › CRM Projects - OnlyTests Approach › should delete project 

    TimeoutError: locator.click: Timeout 10000ms exceeded.
    Call log:
      - waiting for getByRole('button', { name: 'New Project' })


       at ..\src\pages\projects-page.ts:44

      42 |
      43 |   async createProject(name: string, description: string, priority: string = 'medium'): Promise<void> {
    > 44 |     await this.newProjectButton.click();
         |                                 ^
      45 |     await this.projectNameInput.fill(name);
      46 |     await this.projectDescriptionInput.fill(description);
      47 |     await this.prioritySelect.selectOption(priority);
        at ProjectsPage.createProject (E:\My\AI-Fitness_Coach_360\dev-crm\src\pages\projects-page.ts:44:33)
        at E:\My\AI-Fitness_Coach_360\dev-crm\tests\ui\crm-onlytests.spec.ts:29:24

    attachment #1: screenshot (image/png) ──────────────────────────────────────────────────────────
    ..\test-results\ui-crm-onlytests-CRM-Proje-3ece7-roach-should-delete-project-CRM-Desktop---OnlyTests\test-failed-1.png
    ────────────────────────────────────────────────────────────────────────────────────────────────

    attachment #2: video (video/webm) ──────────────────────────────────────────────────────────────
    ..\test-results\ui-crm-onlytests-CRM-Proje-3ece7-roach-should-delete-project-CRM-Desktop---OnlyTests\video.webm
    ────────────────────────────────────────────────────────────────────────────────────────────────

    Error Context: ..\test-results\ui-crm-onlytests-CRM-Proje-3ece7-roach-should-delete-project-CRM-Desktop---OnlyTests\error-context.md
]]>
</failure>
<system-out>
<![CDATA[
[[ATTACHMENT|test-results\ui-crm-onlytests-CRM-Proje-3ece7-roach-should-delete-project-CRM-Desktop---OnlyTests\test-failed-1.png]]

[[ATTACHMENT|test-results\ui-crm-onlytests-CRM-Proje-3ece7-roach-should-delete-project-CRM-Desktop---OnlyTests\video.webm]]

[[ATTACHMENT|test-results\ui-crm-onlytests-CRM-Proje-3ece7-roach-should-delete-project-CRM-Desktop---OnlyTests\error-context.md]]
]]>
</system-out>
</testcase>
<testcase name="CRM Tasks - OnlyTests Approach › should create new task" classname="ui\crm-onlytests.spec.ts" time="14.563">
<failure message="crm-onlytests.spec.ts:41:7 should create new task" type="FAILURE">
<![CDATA[  [CRM Desktop - OnlyTests] › ui\crm-onlytests.spec.ts:41:7 › CRM Tasks - OnlyTests Approach › should create new task 

    TimeoutError: locator.click: Timeout 10000ms exceeded.
    Call log:
      - waiting for getByRole('button', { name: 'New Task' })


       at ..\src\pages\tasks-page.ts:44

      42 |
      43 |   async createTask(title: string, description: string, priority: string = 'medium'): Promise<void> {
    > 44 |     await this.newTaskButton.click();
         |                              ^
      45 |     await this.taskTitleInput.fill(title);
      46 |     await this.taskDescriptionInput.fill(description);
      47 |     await this.prioritySelect.selectOption(priority);
        at TasksPage.createTask (E:\My\AI-Fitness_Coach_360\dev-crm\src\pages\tasks-page.ts:44:30)
        at E:\My\AI-Fitness_Coach_360\dev-crm\tests\ui\crm-onlytests.spec.ts:43:21

    attachment #1: screenshot (image/png) ──────────────────────────────────────────────────────────
    ..\test-results\ui-crm-onlytests-CRM-Tasks-3103b-oach-should-create-new-task-CRM-Desktop---OnlyTests\test-failed-1.png
    ────────────────────────────────────────────────────────────────────────────────────────────────

    attachment #2: video (video/webm) ──────────────────────────────────────────────────────────────
    ..\test-results\ui-crm-onlytests-CRM-Tasks-3103b-oach-should-create-new-task-CRM-Desktop---OnlyTests\video.webm
    ────────────────────────────────────────────────────────────────────────────────────────────────

    Error Context: ..\test-results\ui-crm-onlytests-CRM-Tasks-3103b-oach-should-create-new-task-CRM-Desktop---OnlyTests\error-context.md
]]>
</failure>
<system-out>
<![CDATA[
[[ATTACHMENT|test-results\ui-crm-onlytests-CRM-Tasks-3103b-oach-should-create-new-task-CRM-Desktop---OnlyTests\test-failed-1.png]]

[[ATTACHMENT|test-results\ui-crm-onlytests-CRM-Tasks-3103b-oach-should-create-new-task-CRM-Desktop---OnlyTests\video.webm]]

[[ATTACHMENT|test-results\ui-crm-onlytests-CRM-Tasks-3103b-oach-should-create-new-task-CRM-Desktop---OnlyTests\error-context.md]]
]]>
</system-out>
</testcase>
<testcase name="CRM Tasks - OnlyTests Approach › should create task with AI recommendations" classname="ui\crm-onlytests.spec.ts" time="14.403">
<failure message="crm-onlytests.spec.ts:49:7 should create task with AI recommendations" type="FAILURE">
<![CDATA[  [CRM Desktop - OnlyTests] › ui\crm-onlytests.spec.ts:49:7 › CRM Tasks - OnlyTests Approach › should create task with AI recommendations 

    TimeoutError: locator.click: Timeout 10000ms exceeded.
    Call log:
      - waiting for getByRole('button', { name: 'New Task' })


       at ..\src\pages\tasks-page.ts:52

      50 |
      51 |   async createTaskWithAI(title: string, description: string, priority: string = 'high'): Promise<void> {
    > 52 |     await this.newTaskButton.click();
         |                              ^
      53 |     await this.taskTitleInput.fill(title);
      54 |     await this.taskDescriptionInput.fill(description);
      55 |     await this.prioritySelect.selectOption(priority);
        at TasksPage.createTaskWithAI (E:\My\AI-Fitness_Coach_360\dev-crm\src\pages\tasks-page.ts:52:30)
        at E:\My\AI-Fitness_Coach_360\dev-crm\tests\ui\crm-onlytests.spec.ts:51:21

    attachment #1: screenshot (image/png) ──────────────────────────────────────────────────────────
    ..\test-results\ui-crm-onlytests-CRM-Tasks-0decd-ask-with-AI-recommendations-CRM-Desktop---OnlyTests\test-failed-1.png
    ────────────────────────────────────────────────────────────────────────────────────────────────

    attachment #2: video (video/webm) ──────────────────────────────────────────────────────────────
    ..\test-results\ui-crm-onlytests-CRM-Tasks-0decd-ask-with-AI-recommendations-CRM-Desktop---OnlyTests\video.webm
    ────────────────────────────────────────────────────────────────────────────────────────────────

    Error Context: ..\test-results\ui-crm-onlytests-CRM-Tasks-0decd-ask-with-AI-recommendations-CRM-Desktop---OnlyTests\error-context.md
]]>
</failure>
<system-out>
<![CDATA[
[[ATTACHMENT|test-results\ui-crm-onlytests-CRM-Tasks-0decd-ask-with-AI-recommendations-CRM-Desktop---OnlyTests\test-failed-1.png]]

[[ATTACHMENT|test-results\ui-crm-onlytests-CRM-Tasks-0decd-ask-with-AI-recommendations-CRM-Desktop---OnlyTests\video.webm]]

[[ATTACHMENT|test-results\ui-crm-onlytests-CRM-Tasks-0decd-ask-with-AI-recommendations-CRM-Desktop---OnlyTests\error-context.md]]
]]>
</system-out>
</testcase>
<testcase name="CRM Tasks - OnlyTests Approach › should update task status" classname="ui\crm-onlytests.spec.ts" time="14.326">
<failure message="crm-onlytests.spec.ts:57:7 should update task status" type="FAILURE">
<![CDATA[  [CRM Desktop - OnlyTests] › ui\crm-onlytests.spec.ts:57:7 › CRM Tasks - OnlyTests Approach › should update task status 

    TimeoutError: locator.click: Timeout 10000ms exceeded.
    Call log:
      - waiting for getByRole('button', { name: 'New Task' })


       at ..\src\pages\tasks-page.ts:44

      42 |
      43 |   async createTask(title: string, description: string, priority: string = 'medium'): Promise<void> {
    > 44 |     await this.newTaskButton.click();
         |                              ^
      45 |     await this.taskTitleInput.fill(title);
      46 |     await this.taskDescriptionInput.fill(description);
      47 |     await this.prioritySelect.selectOption(priority);
        at TasksPage.createTask (E:\My\AI-Fitness_Coach_360\dev-crm\src\pages\tasks-page.ts:44:30)
        at E:\My\AI-Fitness_Coach_360\dev-crm\tests\ui\crm-onlytests.spec.ts:59:21

    attachment #1: screenshot (image/png) ──────────────────────────────────────────────────────────
    ..\test-results\ui-crm-onlytests-CRM-Tasks-c3905-h-should-update-task-status-CRM-Desktop---OnlyTests\test-failed-1.png
    ────────────────────────────────────────────────────────────────────────────────────────────────

    attachment #2: video (video/webm) ──────────────────────────────────────────────────────────────
    ..\test-results\ui-crm-onlytests-CRM-Tasks-c3905-h-should-update-task-status-CRM-Desktop---OnlyTests\video.webm
    ────────────────────────────────────────────────────────────────────────────────────────────────

    Error Context: ..\test-results\ui-crm-onlytests-CRM-Tasks-c3905-h-should-update-task-status-CRM-Desktop---OnlyTests\error-context.md
]]>
</failure>
<system-out>
<![CDATA[
[[ATTACHMENT|test-results\ui-crm-onlytests-CRM-Tasks-c3905-h-should-update-task-status-CRM-Desktop---OnlyTests\test-failed-1.png]]

[[ATTACHMENT|test-results\ui-crm-onlytests-CRM-Tasks-c3905-h-should-update-task-status-CRM-Desktop---OnlyTests\video.webm]]

[[ATTACHMENT|test-results\ui-crm-onlytests-CRM-Tasks-c3905-h-should-update-task-status-CRM-Desktop---OnlyTests\error-context.md]]
]]>
</system-out>
</testcase>
<testcase name="CRM AI Integration - OnlyTests Approach › should test all AI services" classname="ui\crm-onlytests.spec.ts" time="14.553">
<failure message="crm-onlytests.spec.ts:70:7 should test all AI services" type="FAILURE">
<![CDATA[  [CRM Desktop - OnlyTests] › ui\crm-onlytests.spec.ts:70:7 › CRM AI Integration - OnlyTests Approach › should test all AI services 

    TimeoutError: locator.click: Timeout 10000ms exceeded.
    Call log:
      - waiting for getByRole('button', { name: 'Test OpenRouter Connection' })


       at ..\src\pages\ai-settings-page.ts:32

      30 |
      31 |   async testOpenRouterConnection(): Promise<boolean> {
    > 32 |     await this.testOpenRouterButton.click();
         |                                     ^
      33 |     try {
      34 |       await this.page.getByText('OpenRouter: Connected').waitFor({ timeout: 10000 });
      35 |       return true;
        at AISettingsPage.testOpenRouterConnection (E:\My\AI-Fitness_Coach_360\dev-crm\src\pages\ai-settings-page.ts:32:37)
        at AISettingsPage.testAllAIServices (E:\My\AI-Fitness_Coach_360\dev-crm\src\pages\ai-settings-page.ts:62:35)
        at E:\My\AI-Fitness_Coach_360\dev-crm\tests\ui\crm-onlytests.spec.ts:73:42

    attachment #1: screenshot (image/png) ──────────────────────────────────────────────────────────
    ..\test-results\ui-crm-onlytests-CRM-AI-In-47147-should-test-all-AI-services-CRM-Desktop---OnlyTests\test-failed-1.png
    ────────────────────────────────────────────────────────────────────────────────────────────────

    attachment #2: video (video/webm) ──────────────────────────────────────────────────────────────
    ..\test-results\ui-crm-onlytests-CRM-AI-In-47147-should-test-all-AI-services-CRM-Desktop---OnlyTests\video.webm
    ────────────────────────────────────────────────────────────────────────────────────────────────

    Error Context: ..\test-results\ui-crm-onlytests-CRM-AI-In-47147-should-test-all-AI-services-CRM-Desktop---OnlyTests\error-context.md
]]>
</failure>
<system-out>
<![CDATA[
[[ATTACHMENT|test-results\ui-crm-onlytests-CRM-AI-In-47147-should-test-all-AI-services-CRM-Desktop---OnlyTests\test-failed-1.png]]

[[ATTACHMENT|test-results\ui-crm-onlytests-CRM-AI-In-47147-should-test-all-AI-services-CRM-Desktop---OnlyTests\video.webm]]

[[ATTACHMENT|test-results\ui-crm-onlytests-CRM-AI-In-47147-should-test-all-AI-services-CRM-Desktop---OnlyTests\error-context.md]]
]]>
</system-out>
</testcase>
<testcase name="CRM AI Integration - OnlyTests Approach › should handle AI service failure gracefully" classname="ui\crm-onlytests.spec.ts" time="14.441">
<failure message="crm-onlytests.spec.ts:80:7 should handle AI service failure gracefully" type="FAILURE">
<![CDATA[  [CRM Desktop - OnlyTests] › ui\crm-onlytests.spec.ts:80:7 › CRM AI Integration - OnlyTests Approach › should handle AI service failure gracefully 

    TimeoutError: locator.click: Timeout 10000ms exceeded.
    Call log:
      - waiting for getByRole('button', { name: 'Test OpenRouter Connection' })


       at ..\src\pages\ai-settings-page.ts:32

      30 |
      31 |   async testOpenRouterConnection(): Promise<boolean> {
    > 32 |     await this.testOpenRouterButton.click();
         |                                     ^
      33 |     try {
      34 |       await this.page.getByText('OpenRouter: Connected').waitFor({ timeout: 10000 });
      35 |       return true;
        at AISettingsPage.testOpenRouterConnection (E:\My\AI-Fitness_Coach_360\dev-crm\src\pages\ai-settings-page.ts:32:37)
        at E:\My\AI-Fitness_Coach_360\dev-crm\tests\ui\crm-onlytests.spec.ts:88:54

    attachment #1: screenshot (image/png) ──────────────────────────────────────────────────────────
    ..\test-results\ui-crm-onlytests-CRM-AI-In-eec6b--service-failure-gracefully-CRM-Desktop---OnlyTests\test-failed-1.png
    ────────────────────────────────────────────────────────────────────────────────────────────────

    attachment #2: video (video/webm) ──────────────────────────────────────────────────────────────
    ..\test-results\ui-crm-onlytests-CRM-AI-In-eec6b--service-failure-gracefully-CRM-Desktop---OnlyTests\video.webm
    ────────────────────────────────────────────────────────────────────────────────────────────────

    Error Context: ..\test-results\ui-crm-onlytests-CRM-AI-In-eec6b--service-failure-gracefully-CRM-Desktop---OnlyTests\error-context.md
]]>
</failure>
<system-out>
<![CDATA[
[[ATTACHMENT|test-results\ui-crm-onlytests-CRM-AI-In-eec6b--service-failure-gracefully-CRM-Desktop---OnlyTests\test-failed-1.png]]

[[ATTACHMENT|test-results\ui-crm-onlytests-CRM-AI-In-eec6b--service-failure-gracefully-CRM-Desktop---OnlyTests\video.webm]]

[[ATTACHMENT|test-results\ui-crm-onlytests-CRM-AI-In-eec6b--service-failure-gracefully-CRM-Desktop---OnlyTests\error-context.md]]
]]>
</system-out>
</testcase>
<testcase name="CRM AI Integration - OnlyTests Approach › should test individual AI services" classname="ui\crm-onlytests.spec.ts" time="14.328">
<failure message="crm-onlytests.spec.ts:92:7 should test individual AI services" type="FAILURE">
<![CDATA[  [CRM Desktop - OnlyTests] › ui\crm-onlytests.spec.ts:92:7 › CRM AI Integration - OnlyTests Approach › should test individual AI services 

    TimeoutError: locator.click: Timeout 10000ms exceeded.
    Call log:
      - waiting for getByRole('button', { name: 'Test OpenRouter Connection' })


       at ..\src\pages\ai-settings-page.ts:32

      30 |
      31 |   async testOpenRouterConnection(): Promise<boolean> {
    > 32 |     await this.testOpenRouterButton.click();
         |                                     ^
      33 |     try {
      34 |       await this.page.getByText('OpenRouter: Connected').waitFor({ timeout: 10000 });
      35 |       return true;
        at AISettingsPage.testOpenRouterConnection (E:\My\AI-Fitness_Coach_360\dev-crm\src\pages\ai-settings-page.ts:32:37)
        at E:\My\AI-Fitness_Coach_360\dev-crm\tests\ui\crm-onlytests.spec.ts:95:54

    attachment #1: screenshot (image/png) ──────────────────────────────────────────────────────────
    ..\test-results\ui-crm-onlytests-CRM-AI-In-35e65-test-individual-AI-services-CRM-Desktop---OnlyTests\test-failed-1.png
    ────────────────────────────────────────────────────────────────────────────────────────────────

    attachment #2: video (video/webm) ──────────────────────────────────────────────────────────────
    ..\test-results\ui-crm-onlytests-CRM-AI-In-35e65-test-individual-AI-services-CRM-Desktop---OnlyTests\video.webm
    ────────────────────────────────────────────────────────────────────────────────────────────────

    Error Context: ..\test-results\ui-crm-onlytests-CRM-AI-In-35e65-test-individual-AI-services-CRM-Desktop---OnlyTests\error-context.md
]]>
</failure>
<system-out>
<![CDATA[
[[ATTACHMENT|test-results\ui-crm-onlytests-CRM-AI-In-35e65-test-individual-AI-services-CRM-Desktop---OnlyTests\test-failed-1.png]]

[[ATTACHMENT|test-results\ui-crm-onlytests-CRM-AI-In-35e65-test-individual-AI-services-CRM-Desktop---OnlyTests\video.webm]]

[[ATTACHMENT|test-results\ui-crm-onlytests-CRM-AI-In-35e65-test-individual-AI-services-CRM-Desktop---OnlyTests\error-context.md]]
]]>
</system-out>
</testcase>
<testcase name="CRM User Workflows - OnlyTests Approach › should complete full project workflow" classname="ui\crm-onlytests.spec.ts" time="14.478">
<failure message="crm-onlytests.spec.ts:106:7 should complete full project workflow" type="FAILURE">
<![CDATA[  [CRM Desktop - OnlyTests] › ui\crm-onlytests.spec.ts:106:7 › CRM User Workflows - OnlyTests Approach › should complete full project workflow 

    TimeoutError: locator.click: Timeout 10000ms exceeded.
    Call log:
      - waiting for getByRole('button', { name: 'New Project' })


       at ..\src\pages\projects-page.ts:52

      50 |
      51 |   async createProjectWithAI(name: string, description: string, priority: string = 'high'): Promise<void> {
    > 52 |     await this.newProjectButton.click();
         |                                 ^
      53 |     await this.projectNameInput.fill(name);
      54 |     await this.projectDescriptionInput.fill(description);
      55 |     await this.prioritySelect.selectOption(priority);
        at ProjectsPage.createProjectWithAI (E:\My\AI-Fitness_Coach_360\dev-crm\src\pages\projects-page.ts:52:33)
        at E:\My\AI-Fitness_Coach_360\dev-crm\tests\ui\crm-onlytests.spec.ts:109:24

    attachment #1: screenshot (image/png) ──────────────────────────────────────────────────────────
    ..\test-results\ui-crm-onlytests-CRM-User--ed24f-plete-full-project-workflow-CRM-Desktop---OnlyTests\test-failed-1.png
    ────────────────────────────────────────────────────────────────────────────────────────────────

    attachment #2: video (video/webm) ──────────────────────────────────────────────────────────────
    ..\test-results\ui-crm-onlytests-CRM-User--ed24f-plete-full-project-workflow-CRM-Desktop---OnlyTests\video.webm
    ────────────────────────────────────────────────────────────────────────────────────────────────

    Error Context: ..\test-results\ui-crm-onlytests-CRM-User--ed24f-plete-full-project-workflow-CRM-Desktop---OnlyTests\error-context.md
]]>
</failure>
<system-out>
<![CDATA[
[[ATTACHMENT|test-results\ui-crm-onlytests-CRM-User--ed24f-plete-full-project-workflow-CRM-Desktop---OnlyTests\test-failed-1.png]]

[[ATTACHMENT|test-results\ui-crm-onlytests-CRM-User--ed24f-plete-full-project-workflow-CRM-Desktop---OnlyTests\video.webm]]

[[ATTACHMENT|test-results\ui-crm-onlytests-CRM-User--ed24f-plete-full-project-workflow-CRM-Desktop---OnlyTests\error-context.md]]
]]>
</system-out>
</testcase>
<testcase name="CRM User Workflows - OnlyTests Approach › should handle project with multiple tasks" classname="ui\crm-onlytests.spec.ts" time="14.26">
<failure message="crm-onlytests.spec.ts:129:7 should handle project with multiple tasks" type="FAILURE">
<![CDATA[  [CRM Desktop - OnlyTests] › ui\crm-onlytests.spec.ts:129:7 › CRM User Workflows - OnlyTests Approach › should handle project with multiple tasks 

    TimeoutError: locator.click: Timeout 10000ms exceeded.
    Call log:
      - waiting for getByRole('button', { name: 'New Project' })


       at ..\src\pages\projects-page.ts:44

      42 |
      43 |   async createProject(name: string, description: string, priority: string = 'medium'): Promise<void> {
    > 44 |     await this.newProjectButton.click();
         |                                 ^
      45 |     await this.projectNameInput.fill(name);
      46 |     await this.projectDescriptionInput.fill(description);
      47 |     await this.prioritySelect.selectOption(priority);
        at ProjectsPage.createProject (E:\My\AI-Fitness_Coach_360\dev-crm\src\pages\projects-page.ts:44:33)
        at E:\My\AI-Fitness_Coach_360\dev-crm\tests\ui\crm-onlytests.spec.ts:132:24

    attachment #1: screenshot (image/png) ──────────────────────────────────────────────────────────
    ..\test-results\ui-crm-onlytests-CRM-User--83033-project-with-multiple-tasks-CRM-Desktop---OnlyTests\test-failed-1.png
    ────────────────────────────────────────────────────────────────────────────────────────────────

    attachment #2: video (video/webm) ──────────────────────────────────────────────────────────────
    ..\test-results\ui-crm-onlytests-CRM-User--83033-project-with-multiple-tasks-CRM-Desktop---OnlyTests\video.webm
    ────────────────────────────────────────────────────────────────────────────────────────────────

    Error Context: ..\test-results\ui-crm-onlytests-CRM-User--83033-project-with-multiple-tasks-CRM-Desktop---OnlyTests\error-context.md
]]>
</failure>
<system-out>
<![CDATA[
[[ATTACHMENT|test-results\ui-crm-onlytests-CRM-User--83033-project-with-multiple-tasks-CRM-Desktop---OnlyTests\test-failed-1.png]]

[[ATTACHMENT|test-results\ui-crm-onlytests-CRM-User--83033-project-with-multiple-tasks-CRM-Desktop---OnlyTests\video.webm]]

[[ATTACHMENT|test-results\ui-crm-onlytests-CRM-User--83033-project-with-multiple-tasks-CRM-Desktop---OnlyTests\error-context.md]]
]]>
</system-out>
</testcase>
<testcase name="CRM Error Handling - OnlyTests Approach › should handle network errors gracefully" classname="ui\crm-onlytests.spec.ts" time="14.321">
<failure message="crm-onlytests.spec.ts:152:7 should handle network errors gracefully" type="FAILURE">
<![CDATA[  [CRM Desktop - OnlyTests] › ui\crm-onlytests.spec.ts:152:7 › CRM Error Handling - OnlyTests Approach › should handle network errors gracefully 

    TimeoutError: locator.click: Timeout 10000ms exceeded.
    Call log:
      - waiting for getByRole('button', { name: 'New Project' })


       at ..\src\pages\projects-page.ts:44

      42 |
      43 |   async createProject(name: string, description: string, priority: string = 'medium'): Promise<void> {
    > 44 |     await this.newProjectButton.click();
         |                                 ^
      45 |     await this.projectNameInput.fill(name);
      46 |     await this.projectDescriptionInput.fill(description);
      47 |     await this.prioritySelect.selectOption(priority);
        at ProjectsPage.createProject (E:\My\AI-Fitness_Coach_360\dev-crm\src\pages\projects-page.ts:44:33)
        at E:\My\AI-Fitness_Coach_360\dev-crm\tests\ui\crm-onlytests.spec.ts:159:24

    attachment #1: screenshot (image/png) ──────────────────────────────────────────────────────────
    ..\test-results\ui-crm-onlytests-CRM-Error-4ad97-e-network-errors-gracefully-CRM-Desktop---OnlyTests\test-failed-1.png
    ────────────────────────────────────────────────────────────────────────────────────────────────

    attachment #2: video (video/webm) ──────────────────────────────────────────────────────────────
    ..\test-results\ui-crm-onlytests-CRM-Error-4ad97-e-network-errors-gracefully-CRM-Desktop---OnlyTests\video.webm
    ────────────────────────────────────────────────────────────────────────────────────────────────

    Error Context: ..\test-results\ui-crm-onlytests-CRM-Error-4ad97-e-network-errors-gracefully-CRM-Desktop---OnlyTests\error-context.md
]]>
</failure>
<system-out>
<![CDATA[
[[ATTACHMENT|test-results\ui-crm-onlytests-CRM-Error-4ad97-e-network-errors-gracefully-CRM-Desktop---OnlyTests\test-failed-1.png]]

[[ATTACHMENT|test-results\ui-crm-onlytests-CRM-Error-4ad97-e-network-errors-gracefully-CRM-Desktop---OnlyTests\video.webm]]

[[ATTACHMENT|test-results\ui-crm-onlytests-CRM-Error-4ad97-e-network-errors-gracefully-CRM-Desktop---OnlyTests\error-context.md]]
]]>
</system-out>
</testcase>
<testcase name="CRM Error Handling - OnlyTests Approach › should handle validation errors" classname="ui\crm-onlytests.spec.ts" time="13.823">
<failure message="crm-onlytests.spec.ts:166:7 should handle validation errors" type="FAILURE">
<![CDATA[  [CRM Desktop - OnlyTests] › ui\crm-onlytests.spec.ts:166:7 › CRM Error Handling - OnlyTests Approach › should handle validation errors 

    TimeoutError: locator.click: Timeout 10000ms exceeded.
    Call log:
      - waiting for getByRole('button', { name: 'New Project' })


      168 |     
      169 |     // Попытка создания проекта с пустым именем
    > 170 |     await projectsPage.newProjectButton.click();
          |                                         ^
      171 |     await projectsPage.saveProjectButton.click();
      172 |     
      173 |     // Проверка валидации
        at E:\My\AI-Fitness_Coach_360\dev-crm\tests\ui\crm-onlytests.spec.ts:170:41

    attachment #1: screenshot (image/png) ──────────────────────────────────────────────────────────
    ..\test-results\ui-crm-onlytests-CRM-Error-1dec1-ld-handle-validation-errors-CRM-Desktop---OnlyTests\test-failed-1.png
    ────────────────────────────────────────────────────────────────────────────────────────────────

    attachment #2: video (video/webm) ──────────────────────────────────────────────────────────────
    ..\test-results\ui-crm-onlytests-CRM-Error-1dec1-ld-handle-validation-errors-CRM-Desktop---OnlyTests\video.webm
    ────────────────────────────────────────────────────────────────────────────────────────────────

    Error Context: ..\test-results\ui-crm-onlytests-CRM-Error-1dec1-ld-handle-validation-errors-CRM-Desktop---OnlyTests\error-context.md
]]>
</failure>
<system-out>
<![CDATA[
[[ATTACHMENT|test-results\ui-crm-onlytests-CRM-Error-1dec1-ld-handle-validation-errors-CRM-Desktop---OnlyTests\test-failed-1.png]]

[[ATTACHMENT|test-results\ui-crm-onlytests-CRM-Error-1dec1-ld-handle-validation-errors-CRM-Desktop---OnlyTests\video.webm]]

[[ATTACHMENT|test-results\ui-crm-onlytests-CRM-Error-1dec1-ld-handle-validation-errors-CRM-Desktop---OnlyTests\error-context.md]]
]]>
</system-out>
</testcase>
<testcase name="CRM Error Handling - OnlyTests Approach › should handle AI service timeout" classname="ui\crm-onlytests.spec.ts" time="14.375">
<failure message="crm-onlytests.spec.ts:177:7 should handle AI service timeout" type="FAILURE">
<![CDATA[  [CRM Desktop - OnlyTests] › ui\crm-onlytests.spec.ts:177:7 › CRM Error Handling - OnlyTests Approach › should handle AI service timeout 

    TimeoutError: locator.click: Timeout 10000ms exceeded.
    Call log:
      - waiting for getByRole('button', { name: 'Test OpenRouter Connection' })


       at ..\src\pages\ai-settings-page.ts:32

      30 |
      31 |   async testOpenRouterConnection(): Promise<boolean> {
    > 32 |     await this.testOpenRouterButton.click();
         |                                     ^
      33 |     try {
      34 |       await this.page.getByText('OpenRouter: Connected').waitFor({ timeout: 10000 });
      35 |       return true;
        at AISettingsPage.testOpenRouterConnection (E:\My\AI-Fitness_Coach_360\dev-crm\src\pages\ai-settings-page.ts:32:37)
        at E:\My\AI-Fitness_Coach_360\dev-crm\tests\ui\crm-onlytests.spec.ts:187:54

    attachment #1: screenshot (image/png) ──────────────────────────────────────────────────────────
    ..\test-results\ui-crm-onlytests-CRM-Error-5b80b-d-handle-AI-service-timeout-CRM-Desktop---OnlyTests\test-failed-1.png
    ────────────────────────────────────────────────────────────────────────────────────────────────

    attachment #2: video (video/webm) ──────────────────────────────────────────────────────────────
    ..\test-results\ui-crm-onlytests-CRM-Error-5b80b-d-handle-AI-service-timeout-CRM-Desktop---OnlyTests\video.webm
    ────────────────────────────────────────────────────────────────────────────────────────────────

    Error Context: ..\test-results\ui-crm-onlytests-CRM-Error-5b80b-d-handle-AI-service-timeout-CRM-Desktop---OnlyTests\error-context.md
]]>
</failure>
<system-out>
<![CDATA[
[[ATTACHMENT|test-results\ui-crm-onlytests-CRM-Error-5b80b-d-handle-AI-service-timeout-CRM-Desktop---OnlyTests\test-failed-1.png]]

[[ATTACHMENT|test-results\ui-crm-onlytests-CRM-Error-5b80b-d-handle-AI-service-timeout-CRM-Desktop---OnlyTests\video.webm]]

[[ATTACHMENT|test-results\ui-crm-onlytests-CRM-Error-5b80b-d-handle-AI-service-timeout-CRM-Desktop---OnlyTests\error-context.md]]
]]>
</system-out>
</testcase>
<testcase name="CRM Performance - OnlyTests Approach › should load pages within acceptable time" classname="ui\crm-onlytests.spec.ts" time="1.824">
</testcase>
<testcase name="CRM Performance - OnlyTests Approach › should handle large datasets efficiently" classname="ui\crm-onlytests.spec.ts" time="14.451">
<failure message="crm-onlytests.spec.ts:207:7 should handle large datasets efficiently" type="FAILURE">
<![CDATA[  [CRM Desktop - OnlyTests] › ui\crm-onlytests.spec.ts:207:7 › CRM Performance - OnlyTests Approach › should handle large datasets efficiently 

    Error: expect(locator).toBeVisible() failed

    Locator:  getByText('Project 1')
    Expected: visible
    Received: <element(s) not found>
    Timeout:  10000ms

    Call log:
      - Expect "toBeVisible" with timeout 10000ms
      - waiting for getByText('Project 1')


      220 |     
      221 |     // Проверка загрузки большого количества проектов
    > 222 |     await expect(projectsPage.page.getByText('Project 1')).toBeVisible();
          |                                                            ^
      223 |     await expect(projectsPage.page.getByText('Project 100')).toBeVisible();
      224 |     
      225 |     // Проверка производительности пагинации
        at E:\My\AI-Fitness_Coach_360\dev-crm\tests\ui\crm-onlytests.spec.ts:222:60

    attachment #1: screenshot (image/png) ──────────────────────────────────────────────────────────
    ..\test-results\ui-crm-onlytests-CRM-Perfo-3e034--large-datasets-efficiently-CRM-Desktop---OnlyTests\test-failed-1.png
    ────────────────────────────────────────────────────────────────────────────────────────────────

    attachment #2: video (video/webm) ──────────────────────────────────────────────────────────────
    ..\test-results\ui-crm-onlytests-CRM-Perfo-3e034--large-datasets-efficiently-CRM-Desktop---OnlyTests\video.webm
    ────────────────────────────────────────────────────────────────────────────────────────────────

    Error Context: ..\test-results\ui-crm-onlytests-CRM-Perfo-3e034--large-datasets-efficiently-CRM-Desktop---OnlyTests\error-context.md
]]>
</failure>
<system-out>
<![CDATA[
[[ATTACHMENT|test-results\ui-crm-onlytests-CRM-Perfo-3e034--large-datasets-efficiently-CRM-Desktop---OnlyTests\test-failed-1.png]]

[[ATTACHMENT|test-results\ui-crm-onlytests-CRM-Perfo-3e034--large-datasets-efficiently-CRM-Desktop---OnlyTests\video.webm]]

[[ATTACHMENT|test-results\ui-crm-onlytests-CRM-Perfo-3e034--large-datasets-efficiently-CRM-Desktop---OnlyTests\error-context.md]]
]]>
</system-out>
</testcase>
<testcase name="CRM Accessibility - OnlyTests Approach › should support keyboard navigation" classname="ui\crm-onlytests.spec.ts" time="12.848">
<failure message="crm-onlytests.spec.ts:234:7 should support keyboard navigation" type="FAILURE">
<![CDATA[  [CRM Desktop - OnlyTests] › ui\crm-onlytests.spec.ts:234:7 › CRM Accessibility - OnlyTests Approach › should support keyboard navigation 

    Error: expect(locator).toBeFocused() failed

    Locator:  getByRole('button', { name: 'New Project' })
    Expected: focused
    Received: <element(s) not found>
    Timeout:  10000ms

    Call log:
      - Expect "toBeFocused" with timeout 10000ms
      - waiting for getByRole('button', { name: 'New Project' })


      241 |     
      242 |     // Проверка фокуса на кнопке
    > 243 |     await expect(projectsPage.newProjectButton).toBeFocused();
          |                                                 ^
      244 |   });
      245 |
      246 |   test('should have proper ARIA attributes', async ({ projectsPage }) => {
        at E:\My\AI-Fitness_Coach_360\dev-crm\tests\ui\crm-onlytests.spec.ts:243:49

    attachment #1: screenshot (image/png) ──────────────────────────────────────────────────────────
    ..\test-results\ui-crm-onlytests-CRM-Acces-605c1-support-keyboard-navigation-CRM-Desktop---OnlyTests\test-failed-1.png
    ────────────────────────────────────────────────────────────────────────────────────────────────

    attachment #2: video (video/webm) ──────────────────────────────────────────────────────────────
    ..\test-results\ui-crm-onlytests-CRM-Acces-605c1-support-keyboard-navigation-CRM-Desktop---OnlyTests\video.webm
    ────────────────────────────────────────────────────────────────────────────────────────────────

    Error Context: ..\test-results\ui-crm-onlytests-CRM-Acces-605c1-support-keyboard-navigation-CRM-Desktop---OnlyTests\error-context.md
]]>
</failure>
<system-out>
<![CDATA[
[[ATTACHMENT|test-results\ui-crm-onlytests-CRM-Acces-605c1-support-keyboard-navigation-CRM-Desktop---OnlyTests\test-failed-1.png]]

[[ATTACHMENT|test-results\ui-crm-onlytests-CRM-Acces-605c1-support-keyboard-navigation-CRM-Desktop---OnlyTests\video.webm]]

[[ATTACHMENT|test-results\ui-crm-onlytests-CRM-Acces-605c1-support-keyboard-navigation-CRM-Desktop---OnlyTests\error-context.md]]
]]>
</system-out>
</testcase>
<testcase name="CRM Accessibility - OnlyTests Approach › should have proper ARIA attributes" classname="ui\crm-onlytests.spec.ts" time="14.371">
<failure message="crm-onlytests.spec.ts:246:7 should have proper ARIA attributes" type="FAILURE">
<![CDATA[  [CRM Desktop - OnlyTests] › ui\crm-onlytests.spec.ts:246:7 › CRM Accessibility - OnlyTests Approach › should have proper ARIA attributes 

    Error: expect(locator).toBeVisible() failed

    Locator:  getByRole('button', { name: 'New Project' })
    Expected: visible
    Received: <element(s) not found>
    Timeout:  10000ms

    Call log:
      - Expect "toBeVisible" with timeout 10000ms
      - waiting for getByRole('button', { name: 'New Project' })


      248 |     
      249 |     // Проверка ARIA атрибутов
    > 250 |     await expect(projectsPage.newProjectButton).toBeVisible();
          |                                                 ^
      251 |     await expect(projectsPage.page.getByRole('heading', { name: 'Projects' })).toBeVisible();
      252 |     await expect(projectsPage.page.getByRole('main')).toBeVisible();
      253 |     await expect(projectsPage.page.getByRole('navigation')).toBeVisible();
        at E:\My\AI-Fitness_Coach_360\dev-crm\tests\ui\crm-onlytests.spec.ts:250:49

    attachment #1: screenshot (image/png) ──────────────────────────────────────────────────────────
    ..\test-results\ui-crm-onlytests-CRM-Acces-65dac-have-proper-ARIA-attributes-CRM-Desktop---OnlyTests\test-failed-1.png
    ────────────────────────────────────────────────────────────────────────────────────────────────

    attachment #2: video (video/webm) ──────────────────────────────────────────────────────────────
    ..\test-results\ui-crm-onlytests-CRM-Acces-65dac-have-proper-ARIA-attributes-CRM-Desktop---OnlyTests\video.webm
    ────────────────────────────────────────────────────────────────────────────────────────────────

    Error Context: ..\test-results\ui-crm-onlytests-CRM-Acces-65dac-have-proper-ARIA-attributes-CRM-Desktop---OnlyTests\error-context.md
]]>
</failure>
<system-out>
<![CDATA[
[[ATTACHMENT|test-results\ui-crm-onlytests-CRM-Acces-65dac-have-proper-ARIA-attributes-CRM-Desktop---OnlyTests\test-failed-1.png]]

[[ATTACHMENT|test-results\ui-crm-onlytests-CRM-Acces-65dac-have-proper-ARIA-attributes-CRM-Desktop---OnlyTests\video.webm]]

[[ATTACHMENT|test-results\ui-crm-onlytests-CRM-Acces-65dac-have-proper-ARIA-attributes-CRM-Desktop---OnlyTests\error-context.md]]
]]>
</system-out>
</testcase>
<testcase name="CRM Mobile - OnlyTests Approach › should work on mobile devices" classname="ui\crm-onlytests.spec.ts" time="14.493">
<failure message="crm-onlytests.spec.ts:258:7 should work on mobile devices" type="FAILURE">
<![CDATA[  [CRM Desktop - OnlyTests] › ui\crm-onlytests.spec.ts:258:7 › CRM Mobile - OnlyTests Approach › should work on mobile devices 

    TimeoutError: locator.click: Timeout 10000ms exceeded.
    Call log:
      - waiting for getByRole('button', { name: 'Menu' })


      263 |     
      264 |     // Проверка мобильного меню
    > 265 |     await projectsPage.page.getByRole('button', { name: 'Menu' }).click();
          |                                                                   ^
      266 |     await expect(projectsPage.page.getByRole('navigation')).toBeVisible();
      267 |     
      268 |     // Проверка создания проекта на мобильном
        at E:\My\AI-Fitness_Coach_360\dev-crm\tests\ui\crm-onlytests.spec.ts:265:67

    attachment #1: screenshot (image/png) ──────────────────────────────────────────────────────────
    ..\test-results\ui-crm-onlytests-CRM-Mobil-0b67b-ould-work-on-mobile-devices-CRM-Desktop---OnlyTests\test-failed-1.png
    ────────────────────────────────────────────────────────────────────────────────────────────────

    attachment #2: video (video/webm) ──────────────────────────────────────────────────────────────
    ..\test-results\ui-crm-onlytests-CRM-Mobil-0b67b-ould-work-on-mobile-devices-CRM-Desktop---OnlyTests\video.webm
    ────────────────────────────────────────────────────────────────────────────────────────────────

    Error Context: ..\test-results\ui-crm-onlytests-CRM-Mobil-0b67b-ould-work-on-mobile-devices-CRM-Desktop---OnlyTests\error-context.md
]]>
</failure>
<system-out>
<![CDATA[
[[ATTACHMENT|test-results\ui-crm-onlytests-CRM-Mobil-0b67b-ould-work-on-mobile-devices-CRM-Desktop---OnlyTests\test-failed-1.png]]

[[ATTACHMENT|test-results\ui-crm-onlytests-CRM-Mobil-0b67b-ould-work-on-mobile-devices-CRM-Desktop---OnlyTests\video.webm]]

[[ATTACHMENT|test-results\ui-crm-onlytests-CRM-Mobil-0b67b-ould-work-on-mobile-devices-CRM-Desktop---OnlyTests\error-context.md]]
]]>
</system-out>
</testcase>
<testcase name="CRM Mobile - OnlyTests Approach › should work on tablet devices" classname="ui\crm-onlytests.spec.ts" time="13.795">
<failure message="crm-onlytests.spec.ts:275:7 should work on tablet devices" type="FAILURE">
<![CDATA[  [CRM Desktop - OnlyTests] › ui\crm-onlytests.spec.ts:275:7 › CRM Mobile - OnlyTests Approach › should work on tablet devices 

    TimeoutError: locator.click: Timeout 10000ms exceeded.
    Call log:
      - waiting for getByRole('button', { name: 'New Task' })


       at ..\src\pages\tasks-page.ts:44

      42 |
      43 |   async createTask(title: string, description: string, priority: string = 'medium'): Promise<void> {
    > 44 |     await this.newTaskButton.click();
         |                              ^
      45 |     await this.taskTitleInput.fill(title);
      46 |     await this.taskDescriptionInput.fill(description);
      47 |     await this.prioritySelect.selectOption(priority);
        at TasksPage.createTask (E:\My\AI-Fitness_Coach_360\dev-crm\src\pages\tasks-page.ts:44:30)
        at E:\My\AI-Fitness_Coach_360\dev-crm\tests\ui\crm-onlytests.spec.ts:282:21

    attachment #1: screenshot (image/png) ──────────────────────────────────────────────────────────
    ..\test-results\ui-crm-onlytests-CRM-Mobil-fd744-ould-work-on-tablet-devices-CRM-Desktop---OnlyTests\test-failed-1.png
    ────────────────────────────────────────────────────────────────────────────────────────────────

    attachment #2: video (video/webm) ──────────────────────────────────────────────────────────────
    ..\test-results\ui-crm-onlytests-CRM-Mobil-fd744-ould-work-on-tablet-devices-CRM-Desktop---OnlyTests\video.webm
    ────────────────────────────────────────────────────────────────────────────────────────────────

    Error Context: ..\test-results\ui-crm-onlytests-CRM-Mobil-fd744-ould-work-on-tablet-devices-CRM-Desktop---OnlyTests\error-context.md
]]>
</failure>
<system-out>
<![CDATA[
[[ATTACHMENT|test-results\ui-crm-onlytests-CRM-Mobil-fd744-ould-work-on-tablet-devices-CRM-Desktop---OnlyTests\test-failed-1.png]]

[[ATTACHMENT|test-results\ui-crm-onlytests-CRM-Mobil-fd744-ould-work-on-tablet-devices-CRM-Desktop---OnlyTests\video.webm]]

[[ATTACHMENT|test-results\ui-crm-onlytests-CRM-Mobil-fd744-ould-work-on-tablet-devices-CRM-Desktop---OnlyTests\error-context.md]]
]]>
</system-out>
</testcase>
</testsuite>
<testsuite name="ui\crm-onlytests.spec.ts" timestamp="2025-09-25T16:07:00.269Z" hostname="CRM Mobile - OnlyTests" tests="20" failures="19" skipped="0" time="253.41" errors="0">
<testcase name="CRM Projects - OnlyTests Approach › should create new project" classname="ui\crm-onlytests.spec.ts" time="13.772">
<failure message="crm-onlytests.spec.ts:10:7 should create new project" type="FAILURE">
<![CDATA[  [CRM Mobile - OnlyTests] › ui\crm-onlytests.spec.ts:10:7 › CRM Projects - OnlyTests Approach › should create new project 

    TimeoutError: locator.click: Timeout 10000ms exceeded.
    Call log:
      - waiting for getByRole('button', { name: 'New Project' })


       at ..\src\pages\projects-page.ts:44

      42 |
      43 |   async createProject(name: string, description: string, priority: string = 'medium'): Promise<void> {
    > 44 |     await this.newProjectButton.click();
         |                                 ^
      45 |     await this.projectNameInput.fill(name);
      46 |     await this.projectDescriptionInput.fill(description);
      47 |     await this.prioritySelect.selectOption(priority);
        at ProjectsPage.createProject (E:\My\AI-Fitness_Coach_360\dev-crm\src\pages\projects-page.ts:44:33)
        at E:\My\AI-Fitness_Coach_360\dev-crm\tests\ui\crm-onlytests.spec.ts:12:24

    attachment #1: screenshot (image/png) ──────────────────────────────────────────────────────────
    ..\test-results\ui-crm-onlytests-CRM-Proje-edb53-h-should-create-new-project-CRM-Mobile---OnlyTests\test-failed-1.png
    ────────────────────────────────────────────────────────────────────────────────────────────────

    attachment #2: video (video/webm) ──────────────────────────────────────────────────────────────
    ..\test-results\ui-crm-onlytests-CRM-Proje-edb53-h-should-create-new-project-CRM-Mobile---OnlyTests\video.webm
    ────────────────────────────────────────────────────────────────────────────────────────────────

    Error Context: ..\test-results\ui-crm-onlytests-CRM-Proje-edb53-h-should-create-new-project-CRM-Mobile---OnlyTests\error-context.md
]]>
</failure>
<system-out>
<![CDATA[
[[ATTACHMENT|test-results\ui-crm-onlytests-CRM-Proje-edb53-h-should-create-new-project-CRM-Mobile---OnlyTests\test-failed-1.png]]

[[ATTACHMENT|test-results\ui-crm-onlytests-CRM-Proje-edb53-h-should-create-new-project-CRM-Mobile---OnlyTests\video.webm]]

[[ATTACHMENT|test-results\ui-crm-onlytests-CRM-Proje-edb53-h-should-create-new-project-CRM-Mobile---OnlyTests\error-context.md]]
]]>
</system-out>
</testcase>
<testcase name="CRM Projects - OnlyTests Approach › should create project with AI analysis" classname="ui\crm-onlytests.spec.ts" time="13.955">
<failure message="crm-onlytests.spec.ts:18:7 should create project with AI analysis" type="FAILURE">
<![CDATA[  [CRM Mobile - OnlyTests] › ui\crm-onlytests.spec.ts:18:7 › CRM Projects - OnlyTests Approach › should create project with AI analysis 

    TimeoutError: locator.click: Timeout 10000ms exceeded.
    Call log:
      - waiting for getByRole('button', { name: 'New Project' })


       at ..\src\pages\projects-page.ts:52

      50 |
      51 |   async createProjectWithAI(name: string, description: string, priority: string = 'high'): Promise<void> {
    > 52 |     await this.newProjectButton.click();
         |                                 ^
      53 |     await this.projectNameInput.fill(name);
      54 |     await this.projectDescriptionInput.fill(description);
      55 |     await this.prioritySelect.selectOption(priority);
        at ProjectsPage.createProjectWithAI (E:\My\AI-Fitness_Coach_360\dev-crm\src\pages\projects-page.ts:52:33)
        at E:\My\AI-Fitness_Coach_360\dev-crm\tests\ui\crm-onlytests.spec.ts:20:24

    attachment #1: screenshot (image/png) ──────────────────────────────────────────────────────────
    ..\test-results\ui-crm-onlytests-CRM-Proje-b1d10-te-project-with-AI-analysis-CRM-Mobile---OnlyTests\test-failed-1.png
    ────────────────────────────────────────────────────────────────────────────────────────────────

    attachment #2: video (video/webm) ──────────────────────────────────────────────────────────────
    ..\test-results\ui-crm-onlytests-CRM-Proje-b1d10-te-project-with-AI-analysis-CRM-Mobile---OnlyTests\video.webm
    ────────────────────────────────────────────────────────────────────────────────────────────────

    Error Context: ..\test-results\ui-crm-onlytests-CRM-Proje-b1d10-te-project-with-AI-analysis-CRM-Mobile---OnlyTests\error-context.md
]]>
</failure>
<system-out>
<![CDATA[
[[ATTACHMENT|test-results\ui-crm-onlytests-CRM-Proje-b1d10-te-project-with-AI-analysis-CRM-Mobile---OnlyTests\test-failed-1.png]]

[[ATTACHMENT|test-results\ui-crm-onlytests-CRM-Proje-b1d10-te-project-with-AI-analysis-CRM-Mobile---OnlyTests\video.webm]]

[[ATTACHMENT|test-results\ui-crm-onlytests-CRM-Proje-b1d10-te-project-with-AI-analysis-CRM-Mobile---OnlyTests\error-context.md]]
]]>
</system-out>
</testcase>
<testcase name="CRM Projects - OnlyTests Approach › should delete project" classname="ui\crm-onlytests.spec.ts" time="13.96">
<failure message="crm-onlytests.spec.ts:26:7 should delete project" type="FAILURE">
<![CDATA[  [CRM Mobile - OnlyTests] › ui\crm-onlytests.spec.ts:26:7 › CRM Projects - OnlyTests Approach › should delete project 

    TimeoutError: locator.click: Timeout 10000ms exceeded.
    Call log:
      - waiting for getByRole('button', { name: 'New Project' })


       at ..\src\pages\projects-page.ts:44

      42 |
      43 |   async createProject(name: string, description: string, priority: string = 'medium'): Promise<void> {
    > 44 |     await this.newProjectButton.click();
         |                                 ^
      45 |     await this.projectNameInput.fill(name);
      46 |     await this.projectDescriptionInput.fill(description);
      47 |     await this.prioritySelect.selectOption(priority);
        at ProjectsPage.createProject (E:\My\AI-Fitness_Coach_360\dev-crm\src\pages\projects-page.ts:44:33)
        at E:\My\AI-Fitness_Coach_360\dev-crm\tests\ui\crm-onlytests.spec.ts:29:24

    attachment #1: screenshot (image/png) ──────────────────────────────────────────────────────────
    ..\test-results\ui-crm-onlytests-CRM-Proje-3ece7-roach-should-delete-project-CRM-Mobile---OnlyTests\test-failed-1.png
    ────────────────────────────────────────────────────────────────────────────────────────────────

    attachment #2: video (video/webm) ──────────────────────────────────────────────────────────────
    ..\test-results\ui-crm-onlytests-CRM-Proje-3ece7-roach-should-delete-project-CRM-Mobile---OnlyTests\video.webm
    ────────────────────────────────────────────────────────────────────────────────────────────────

    Error Context: ..\test-results\ui-crm-onlytests-CRM-Proje-3ece7-roach-should-delete-project-CRM-Mobile---OnlyTests\error-context.md
]]>
</failure>
<system-out>
<![CDATA[
[[ATTACHMENT|test-results\ui-crm-onlytests-CRM-Proje-3ece7-roach-should-delete-project-CRM-Mobile---OnlyTests\test-failed-1.png]]

[[ATTACHMENT|test-results\ui-crm-onlytests-CRM-Proje-3ece7-roach-should-delete-project-CRM-Mobile---OnlyTests\video.webm]]

[[ATTACHMENT|test-results\ui-crm-onlytests-CRM-Proje-3ece7-roach-should-delete-project-CRM-Mobile---OnlyTests\error-context.md]]
]]>
</system-out>
</testcase>
<testcase name="CRM Tasks - OnlyTests Approach › should create new task" classname="ui\crm-onlytests.spec.ts" time="13.894">
<failure message="crm-onlytests.spec.ts:41:7 should create new task" type="FAILURE">
<![CDATA[  [CRM Mobile - OnlyTests] › ui\crm-onlytests.spec.ts:41:7 › CRM Tasks - OnlyTests Approach › should create new task 

    TimeoutError: locator.click: Timeout 10000ms exceeded.
    Call log:
      - waiting for getByRole('button', { name: 'New Task' })


       at ..\src\pages\tasks-page.ts:44

      42 |
      43 |   async createTask(title: string, description: string, priority: string = 'medium'): Promise<void> {
    > 44 |     await this.newTaskButton.click();
         |                              ^
      45 |     await this.taskTitleInput.fill(title);
      46 |     await this.taskDescriptionInput.fill(description);
      47 |     await this.prioritySelect.selectOption(priority);
        at TasksPage.createTask (E:\My\AI-Fitness_Coach_360\dev-crm\src\pages\tasks-page.ts:44:30)
        at E:\My\AI-Fitness_Coach_360\dev-crm\tests\ui\crm-onlytests.spec.ts:43:21

    attachment #1: screenshot (image/png) ──────────────────────────────────────────────────────────
    ..\test-results\ui-crm-onlytests-CRM-Tasks-3103b-oach-should-create-new-task-CRM-Mobile---OnlyTests\test-failed-1.png
    ────────────────────────────────────────────────────────────────────────────────────────────────

    attachment #2: video (video/webm) ──────────────────────────────────────────────────────────────
    ..\test-results\ui-crm-onlytests-CRM-Tasks-3103b-oach-should-create-new-task-CRM-Mobile---OnlyTests\video.webm
    ────────────────────────────────────────────────────────────────────────────────────────────────

    Error Context: ..\test-results\ui-crm-onlytests-CRM-Tasks-3103b-oach-should-create-new-task-CRM-Mobile---OnlyTests\error-context.md
]]>
</failure>
<system-out>
<![CDATA[
[[ATTACHMENT|test-results\ui-crm-onlytests-CRM-Tasks-3103b-oach-should-create-new-task-CRM-Mobile---OnlyTests\test-failed-1.png]]

[[ATTACHMENT|test-results\ui-crm-onlytests-CRM-Tasks-3103b-oach-should-create-new-task-CRM-Mobile---OnlyTests\video.webm]]

[[ATTACHMENT|test-results\ui-crm-onlytests-CRM-Tasks-3103b-oach-should-create-new-task-CRM-Mobile---OnlyTests\error-context.md]]
]]>
</system-out>
</testcase>
<testcase name="CRM Tasks - OnlyTests Approach › should create task with AI recommendations" classname="ui\crm-onlytests.spec.ts" time="13.847">
<failure message="crm-onlytests.spec.ts:49:7 should create task with AI recommendations" type="FAILURE">
<![CDATA[  [CRM Mobile - OnlyTests] › ui\crm-onlytests.spec.ts:49:7 › CRM Tasks - OnlyTests Approach › should create task with AI recommendations 

    TimeoutError: locator.click: Timeout 10000ms exceeded.
    Call log:
      - waiting for getByRole('button', { name: 'New Task' })


       at ..\src\pages\tasks-page.ts:52

      50 |
      51 |   async createTaskWithAI(title: string, description: string, priority: string = 'high'): Promise<void> {
    > 52 |     await this.newTaskButton.click();
         |                              ^
      53 |     await this.taskTitleInput.fill(title);
      54 |     await this.taskDescriptionInput.fill(description);
      55 |     await this.prioritySelect.selectOption(priority);
        at TasksPage.createTaskWithAI (E:\My\AI-Fitness_Coach_360\dev-crm\src\pages\tasks-page.ts:52:30)
        at E:\My\AI-Fitness_Coach_360\dev-crm\tests\ui\crm-onlytests.spec.ts:51:21

    attachment #1: screenshot (image/png) ──────────────────────────────────────────────────────────
    ..\test-results\ui-crm-onlytests-CRM-Tasks-0decd-ask-with-AI-recommendations-CRM-Mobile---OnlyTests\test-failed-1.png
    ────────────────────────────────────────────────────────────────────────────────────────────────

    attachment #2: video (video/webm) ──────────────────────────────────────────────────────────────
    ..\test-results\ui-crm-onlytests-CRM-Tasks-0decd-ask-with-AI-recommendations-CRM-Mobile---OnlyTests\video.webm
    ────────────────────────────────────────────────────────────────────────────────────────────────

    Error Context: ..\test-results\ui-crm-onlytests-CRM-Tasks-0decd-ask-with-AI-recommendations-CRM-Mobile---OnlyTests\error-context.md
]]>
</failure>
<system-out>
<![CDATA[
[[ATTACHMENT|test-results\ui-crm-onlytests-CRM-Tasks-0decd-ask-with-AI-recommendations-CRM-Mobile---OnlyTests\test-failed-1.png]]

[[ATTACHMENT|test-results\ui-crm-onlytests-CRM-Tasks-0decd-ask-with-AI-recommendations-CRM-Mobile---OnlyTests\video.webm]]

[[ATTACHMENT|test-results\ui-crm-onlytests-CRM-Tasks-0decd-ask-with-AI-recommendations-CRM-Mobile---OnlyTests\error-context.md]]
]]>
</system-out>
</testcase>
<testcase name="CRM Tasks - OnlyTests Approach › should update task status" classname="ui\crm-onlytests.spec.ts" time="13.185">
<failure message="crm-onlytests.spec.ts:57:7 should update task status" type="FAILURE">
<![CDATA[  [CRM Mobile - OnlyTests] › ui\crm-onlytests.spec.ts:57:7 › CRM Tasks - OnlyTests Approach › should update task status 

    TimeoutError: locator.click: Timeout 10000ms exceeded.
    Call log:
      - waiting for getByRole('button', { name: 'New Task' })


       at ..\src\pages\tasks-page.ts:44

      42 |
      43 |   async createTask(title: string, description: string, priority: string = 'medium'): Promise<void> {
    > 44 |     await this.newTaskButton.click();
         |                              ^
      45 |     await this.taskTitleInput.fill(title);
      46 |     await this.taskDescriptionInput.fill(description);
      47 |     await this.prioritySelect.selectOption(priority);
        at TasksPage.createTask (E:\My\AI-Fitness_Coach_360\dev-crm\src\pages\tasks-page.ts:44:30)
        at E:\My\AI-Fitness_Coach_360\dev-crm\tests\ui\crm-onlytests.spec.ts:59:21

    attachment #1: screenshot (image/png) ──────────────────────────────────────────────────────────
    ..\test-results\ui-crm-onlytests-CRM-Tasks-c3905-h-should-update-task-status-CRM-Mobile---OnlyTests\test-failed-1.png
    ────────────────────────────────────────────────────────────────────────────────────────────────

    attachment #2: video (video/webm) ──────────────────────────────────────────────────────────────
    ..\test-results\ui-crm-onlytests-CRM-Tasks-c3905-h-should-update-task-status-CRM-Mobile---OnlyTests\video.webm
    ────────────────────────────────────────────────────────────────────────────────────────────────

    Error Context: ..\test-results\ui-crm-onlytests-CRM-Tasks-c3905-h-should-update-task-status-CRM-Mobile---OnlyTests\error-context.md
]]>
</failure>
<system-out>
<![CDATA[
[[ATTACHMENT|test-results\ui-crm-onlytests-CRM-Tasks-c3905-h-should-update-task-status-CRM-Mobile---OnlyTests\test-failed-1.png]]

[[ATTACHMENT|test-results\ui-crm-onlytests-CRM-Tasks-c3905-h-should-update-task-status-CRM-Mobile---OnlyTests\video.webm]]

[[ATTACHMENT|test-results\ui-crm-onlytests-CRM-Tasks-c3905-h-should-update-task-status-CRM-Mobile---OnlyTests\error-context.md]]
]]>
</system-out>
</testcase>
<testcase name="CRM AI Integration - OnlyTests Approach › should test all AI services" classname="ui\crm-onlytests.spec.ts" time="12.893">
<failure message="crm-onlytests.spec.ts:70:7 should test all AI services" type="FAILURE">
<![CDATA[  [CRM Mobile - OnlyTests] › ui\crm-onlytests.spec.ts:70:7 › CRM AI Integration - OnlyTests Approach › should test all AI services 

    TimeoutError: locator.click: Timeout 10000ms exceeded.
    Call log:
      - waiting for getByRole('button', { name: 'Test OpenRouter Connection' })


       at ..\src\pages\ai-settings-page.ts:32

      30 |
      31 |   async testOpenRouterConnection(): Promise<boolean> {
    > 32 |     await this.testOpenRouterButton.click();
         |                                     ^
      33 |     try {
      34 |       await this.page.getByText('OpenRouter: Connected').waitFor({ timeout: 10000 });
      35 |       return true;
        at AISettingsPage.testOpenRouterConnection (E:\My\AI-Fitness_Coach_360\dev-crm\src\pages\ai-settings-page.ts:32:37)
        at AISettingsPage.testAllAIServices (E:\My\AI-Fitness_Coach_360\dev-crm\src\pages\ai-settings-page.ts:62:35)
        at E:\My\AI-Fitness_Coach_360\dev-crm\tests\ui\crm-onlytests.spec.ts:73:42

    attachment #1: screenshot (image/png) ──────────────────────────────────────────────────────────
    ..\test-results\ui-crm-onlytests-CRM-AI-In-47147-should-test-all-AI-services-CRM-Mobile---OnlyTests\test-failed-1.png
    ────────────────────────────────────────────────────────────────────────────────────────────────

    attachment #2: video (video/webm) ──────────────────────────────────────────────────────────────
    ..\test-results\ui-crm-onlytests-CRM-AI-In-47147-should-test-all-AI-services-CRM-Mobile---OnlyTests\video.webm
    ────────────────────────────────────────────────────────────────────────────────────────────────

    Error Context: ..\test-results\ui-crm-onlytests-CRM-AI-In-47147-should-test-all-AI-services-CRM-Mobile---OnlyTests\error-context.md
]]>
</failure>
<system-out>
<![CDATA[
[[ATTACHMENT|test-results\ui-crm-onlytests-CRM-AI-In-47147-should-test-all-AI-services-CRM-Mobile---OnlyTests\test-failed-1.png]]

[[ATTACHMENT|test-results\ui-crm-onlytests-CRM-AI-In-47147-should-test-all-AI-services-CRM-Mobile---OnlyTests\video.webm]]

[[ATTACHMENT|test-results\ui-crm-onlytests-CRM-AI-In-47147-should-test-all-AI-services-CRM-Mobile---OnlyTests\error-context.md]]
]]>
</system-out>
</testcase>
<testcase name="CRM AI Integration - OnlyTests Approach › should handle AI service failure gracefully" classname="ui\crm-onlytests.spec.ts" time="12.986">
<failure message="crm-onlytests.spec.ts:80:7 should handle AI service failure gracefully" type="FAILURE">
<![CDATA[  [CRM Mobile - OnlyTests] › ui\crm-onlytests.spec.ts:80:7 › CRM AI Integration - OnlyTests Approach › should handle AI service failure gracefully 

    TimeoutError: locator.click: Timeout 10000ms exceeded.
    Call log:
      - waiting for getByRole('button', { name: 'Test OpenRouter Connection' })


       at ..\src\pages\ai-settings-page.ts:32

      30 |
      31 |   async testOpenRouterConnection(): Promise<boolean> {
    > 32 |     await this.testOpenRouterButton.click();
         |                                     ^
      33 |     try {
      34 |       await this.page.getByText('OpenRouter: Connected').waitFor({ timeout: 10000 });
      35 |       return true;
        at AISettingsPage.testOpenRouterConnection (E:\My\AI-Fitness_Coach_360\dev-crm\src\pages\ai-settings-page.ts:32:37)
        at E:\My\AI-Fitness_Coach_360\dev-crm\tests\ui\crm-onlytests.spec.ts:88:54

    attachment #1: screenshot (image/png) ──────────────────────────────────────────────────────────
    ..\test-results\ui-crm-onlytests-CRM-AI-In-eec6b--service-failure-gracefully-CRM-Mobile---OnlyTests\test-failed-1.png
    ────────────────────────────────────────────────────────────────────────────────────────────────

    attachment #2: video (video/webm) ──────────────────────────────────────────────────────────────
    ..\test-results\ui-crm-onlytests-CRM-AI-In-eec6b--service-failure-gracefully-CRM-Mobile---OnlyTests\video.webm
    ────────────────────────────────────────────────────────────────────────────────────────────────

    Error Context: ..\test-results\ui-crm-onlytests-CRM-AI-In-eec6b--service-failure-gracefully-CRM-Mobile---OnlyTests\error-context.md
]]>
</failure>
<system-out>
<![CDATA[
[[ATTACHMENT|test-results\ui-crm-onlytests-CRM-AI-In-eec6b--service-failure-gracefully-CRM-Mobile---OnlyTests\test-failed-1.png]]

[[ATTACHMENT|test-results\ui-crm-onlytests-CRM-AI-In-eec6b--service-failure-gracefully-CRM-Mobile---OnlyTests\video.webm]]

[[ATTACHMENT|test-results\ui-crm-onlytests-CRM-AI-In-eec6b--service-failure-gracefully-CRM-Mobile---OnlyTests\error-context.md]]
]]>
</system-out>
</testcase>
<testcase name="CRM AI Integration - OnlyTests Approach › should test individual AI services" classname="ui\crm-onlytests.spec.ts" time="13.051">
<failure message="crm-onlytests.spec.ts:92:7 should test individual AI services" type="FAILURE">
<![CDATA[  [CRM Mobile - OnlyTests] › ui\crm-onlytests.spec.ts:92:7 › CRM AI Integration - OnlyTests Approach › should test individual AI services 

    TimeoutError: locator.click: Timeout 10000ms exceeded.
    Call log:
      - waiting for getByRole('button', { name: 'Test OpenRouter Connection' })


       at ..\src\pages\ai-settings-page.ts:32

      30 |
      31 |   async testOpenRouterConnection(): Promise<boolean> {
    > 32 |     await this.testOpenRouterButton.click();
         |                                     ^
      33 |     try {
      34 |       await this.page.getByText('OpenRouter: Connected').waitFor({ timeout: 10000 });
      35 |       return true;
        at AISettingsPage.testOpenRouterConnection (E:\My\AI-Fitness_Coach_360\dev-crm\src\pages\ai-settings-page.ts:32:37)
        at E:\My\AI-Fitness_Coach_360\dev-crm\tests\ui\crm-onlytests.spec.ts:95:54

    attachment #1: screenshot (image/png) ──────────────────────────────────────────────────────────
    ..\test-results\ui-crm-onlytests-CRM-AI-In-35e65-test-individual-AI-services-CRM-Mobile---OnlyTests\test-failed-1.png
    ────────────────────────────────────────────────────────────────────────────────────────────────

    attachment #2: video (video/webm) ──────────────────────────────────────────────────────────────
    ..\test-results\ui-crm-onlytests-CRM-AI-In-35e65-test-individual-AI-services-CRM-Mobile---OnlyTests\video.webm
    ────────────────────────────────────────────────────────────────────────────────────────────────

    Error Context: ..\test-results\ui-crm-onlytests-CRM-AI-In-35e65-test-individual-AI-services-CRM-Mobile---OnlyTests\error-context.md
]]>
</failure>
<system-out>
<![CDATA[
[[ATTACHMENT|test-results\ui-crm-onlytests-CRM-AI-In-35e65-test-individual-AI-services-CRM-Mobile---OnlyTests\test-failed-1.png]]

[[ATTACHMENT|test-results\ui-crm-onlytests-CRM-AI-In-35e65-test-individual-AI-services-CRM-Mobile---OnlyTests\video.webm]]

[[ATTACHMENT|test-results\ui-crm-onlytests-CRM-AI-In-35e65-test-individual-AI-services-CRM-Mobile---OnlyTests\error-context.md]]
]]>
</system-out>
</testcase>
<testcase name="CRM User Workflows - OnlyTests Approach › should complete full project workflow" classname="ui\crm-onlytests.spec.ts" time="13.184">
<failure message="crm-onlytests.spec.ts:106:7 should complete full project workflow" type="FAILURE">
<![CDATA[  [CRM Mobile - OnlyTests] › ui\crm-onlytests.spec.ts:106:7 › CRM User Workflows - OnlyTests Approach › should complete full project workflow 

    TimeoutError: locator.click: Timeout 10000ms exceeded.
    Call log:
      - waiting for getByRole('button', { name: 'New Project' })


       at ..\src\pages\projects-page.ts:52

      50 |
      51 |   async createProjectWithAI(name: string, description: string, priority: string = 'high'): Promise<void> {
    > 52 |     await this.newProjectButton.click();
         |                                 ^
      53 |     await this.projectNameInput.fill(name);
      54 |     await this.projectDescriptionInput.fill(description);
      55 |     await this.prioritySelect.selectOption(priority);
        at ProjectsPage.createProjectWithAI (E:\My\AI-Fitness_Coach_360\dev-crm\src\pages\projects-page.ts:52:33)
        at E:\My\AI-Fitness_Coach_360\dev-crm\tests\ui\crm-onlytests.spec.ts:109:24

    attachment #1: screenshot (image/png) ──────────────────────────────────────────────────────────
    ..\test-results\ui-crm-onlytests-CRM-User--ed24f-plete-full-project-workflow-CRM-Mobile---OnlyTests\test-failed-1.png
    ────────────────────────────────────────────────────────────────────────────────────────────────

    attachment #2: video (video/webm) ──────────────────────────────────────────────────────────────
    ..\test-results\ui-crm-onlytests-CRM-User--ed24f-plete-full-project-workflow-CRM-Mobile---OnlyTests\video.webm
    ────────────────────────────────────────────────────────────────────────────────────────────────

    Error Context: ..\test-results\ui-crm-onlytests-CRM-User--ed24f-plete-full-project-workflow-CRM-Mobile---OnlyTests\error-context.md
]]>
</failure>
<system-out>
<![CDATA[
[[ATTACHMENT|test-results\ui-crm-onlytests-CRM-User--ed24f-plete-full-project-workflow-CRM-Mobile---OnlyTests\test-failed-1.png]]

[[ATTACHMENT|test-results\ui-crm-onlytests-CRM-User--ed24f-plete-full-project-workflow-CRM-Mobile---OnlyTests\video.webm]]

[[ATTACHMENT|test-results\ui-crm-onlytests-CRM-User--ed24f-plete-full-project-workflow-CRM-Mobile---OnlyTests\error-context.md]]
]]>
</system-out>
</testcase>
<testcase name="CRM User Workflows - OnlyTests Approach › should handle project with multiple tasks" classname="ui\crm-onlytests.spec.ts" time="13.079">
<failure message="crm-onlytests.spec.ts:129:7 should handle project with multiple tasks" type="FAILURE">
<![CDATA[  [CRM Mobile - OnlyTests] › ui\crm-onlytests.spec.ts:129:7 › CRM User Workflows - OnlyTests Approach › should handle project with multiple tasks 

    TimeoutError: locator.click: Timeout 10000ms exceeded.
    Call log:
      - waiting for getByRole('button', { name: 'New Project' })


       at ..\src\pages\projects-page.ts:44

      42 |
      43 |   async createProject(name: string, description: string, priority: string = 'medium'): Promise<void> {
    > 44 |     await this.newProjectButton.click();
         |                                 ^
      45 |     await this.projectNameInput.fill(name);
      46 |     await this.projectDescriptionInput.fill(description);
      47 |     await this.prioritySelect.selectOption(priority);
        at ProjectsPage.createProject (E:\My\AI-Fitness_Coach_360\dev-crm\src\pages\projects-page.ts:44:33)
        at E:\My\AI-Fitness_Coach_360\dev-crm\tests\ui\crm-onlytests.spec.ts:132:24

    attachment #1: screenshot (image/png) ──────────────────────────────────────────────────────────
    ..\test-results\ui-crm-onlytests-CRM-User--83033-project-with-multiple-tasks-CRM-Mobile---OnlyTests\test-failed-1.png
    ────────────────────────────────────────────────────────────────────────────────────────────────

    attachment #2: video (video/webm) ──────────────────────────────────────────────────────────────
    ..\test-results\ui-crm-onlytests-CRM-User--83033-project-with-multiple-tasks-CRM-Mobile---OnlyTests\video.webm
    ────────────────────────────────────────────────────────────────────────────────────────────────

    Error Context: ..\test-results\ui-crm-onlytests-CRM-User--83033-project-with-multiple-tasks-CRM-Mobile---OnlyTests\error-context.md
]]>
</failure>
<system-out>
<![CDATA[
[[ATTACHMENT|test-results\ui-crm-onlytests-CRM-User--83033-project-with-multiple-tasks-CRM-Mobile---OnlyTests\test-failed-1.png]]

[[ATTACHMENT|test-results\ui-crm-onlytests-CRM-User--83033-project-with-multiple-tasks-CRM-Mobile---OnlyTests\video.webm]]

[[ATTACHMENT|test-results\ui-crm-onlytests-CRM-User--83033-project-with-multiple-tasks-CRM-Mobile---OnlyTests\error-context.md]]
]]>
</system-out>
</testcase>
<testcase name="CRM Error Handling - OnlyTests Approach › should handle network errors gracefully" classname="ui\crm-onlytests.spec.ts" time="13.035">
<failure message="crm-onlytests.spec.ts:152:7 should handle network errors gracefully" type="FAILURE">
<![CDATA[  [CRM Mobile - OnlyTests] › ui\crm-onlytests.spec.ts:152:7 › CRM Error Handling - OnlyTests Approach › should handle network errors gracefully 

    TimeoutError: locator.click: Timeout 10000ms exceeded.
    Call log:
      - waiting for getByRole('button', { name: 'New Project' })


       at ..\src\pages\projects-page.ts:44

      42 |
      43 |   async createProject(name: string, description: string, priority: string = 'medium'): Promise<void> {
    > 44 |     await this.newProjectButton.click();
         |                                 ^
      45 |     await this.projectNameInput.fill(name);
      46 |     await this.projectDescriptionInput.fill(description);
      47 |     await this.prioritySelect.selectOption(priority);
        at ProjectsPage.createProject (E:\My\AI-Fitness_Coach_360\dev-crm\src\pages\projects-page.ts:44:33)
        at E:\My\AI-Fitness_Coach_360\dev-crm\tests\ui\crm-onlytests.spec.ts:159:24

    attachment #1: screenshot (image/png) ──────────────────────────────────────────────────────────
    ..\test-results\ui-crm-onlytests-CRM-Error-4ad97-e-network-errors-gracefully-CRM-Mobile---OnlyTests\test-failed-1.png
    ────────────────────────────────────────────────────────────────────────────────────────────────

    attachment #2: video (video/webm) ──────────────────────────────────────────────────────────────
    ..\test-results\ui-crm-onlytests-CRM-Error-4ad97-e-network-errors-gracefully-CRM-Mobile---OnlyTests\video.webm
    ────────────────────────────────────────────────────────────────────────────────────────────────

    Error Context: ..\test-results\ui-crm-onlytests-CRM-Error-4ad97-e-network-errors-gracefully-CRM-Mobile---OnlyTests\error-context.md
]]>
</failure>
<system-out>
<![CDATA[
[[ATTACHMENT|test-results\ui-crm-onlytests-CRM-Error-4ad97-e-network-errors-gracefully-CRM-Mobile---OnlyTests\test-failed-1.png]]

[[ATTACHMENT|test-results\ui-crm-onlytests-CRM-Error-4ad97-e-network-errors-gracefully-CRM-Mobile---OnlyTests\video.webm]]

[[ATTACHMENT|test-results\ui-crm-onlytests-CRM-Error-4ad97-e-network-errors-gracefully-CRM-Mobile---OnlyTests\error-context.md]]
]]>
</system-out>
</testcase>
<testcase name="CRM Error Handling - OnlyTests Approach › should handle validation errors" classname="ui\crm-onlytests.spec.ts" time="12.92">
<failure message="crm-onlytests.spec.ts:166:7 should handle validation errors" type="FAILURE">
<![CDATA[  [CRM Mobile - OnlyTests] › ui\crm-onlytests.spec.ts:166:7 › CRM Error Handling - OnlyTests Approach › should handle validation errors 

    TimeoutError: locator.click: Timeout 10000ms exceeded.
    Call log:
      - waiting for getByRole('button', { name: 'New Project' })


      168 |     
      169 |     // Попытка создания проекта с пустым именем
    > 170 |     await projectsPage.newProjectButton.click();
          |                                         ^
      171 |     await projectsPage.saveProjectButton.click();
      172 |     
      173 |     // Проверка валидации
        at E:\My\AI-Fitness_Coach_360\dev-crm\tests\ui\crm-onlytests.spec.ts:170:41

    attachment #1: screenshot (image/png) ──────────────────────────────────────────────────────────
    ..\test-results\ui-crm-onlytests-CRM-Error-1dec1-ld-handle-validation-errors-CRM-Mobile---OnlyTests\test-failed-1.png
    ────────────────────────────────────────────────────────────────────────────────────────────────

    attachment #2: video (video/webm) ──────────────────────────────────────────────────────────────
    ..\test-results\ui-crm-onlytests-CRM-Error-1dec1-ld-handle-validation-errors-CRM-Mobile---OnlyTests\video.webm
    ────────────────────────────────────────────────────────────────────────────────────────────────

    Error Context: ..\test-results\ui-crm-onlytests-CRM-Error-1dec1-ld-handle-validation-errors-CRM-Mobile---OnlyTests\error-context.md
]]>
</failure>
<system-out>
<![CDATA[
[[ATTACHMENT|test-results\ui-crm-onlytests-CRM-Error-1dec1-ld-handle-validation-errors-CRM-Mobile---OnlyTests\test-failed-1.png]]

[[ATTACHMENT|test-results\ui-crm-onlytests-CRM-Error-1dec1-ld-handle-validation-errors-CRM-Mobile---OnlyTests\video.webm]]

[[ATTACHMENT|test-results\ui-crm-onlytests-CRM-Error-1dec1-ld-handle-validation-errors-CRM-Mobile---OnlyTests\error-context.md]]
]]>
</system-out>
</testcase>
<testcase name="CRM Error Handling - OnlyTests Approach › should handle AI service timeout" classname="ui\crm-onlytests.spec.ts" time="12.241">
<failure message="crm-onlytests.spec.ts:177:7 should handle AI service timeout" type="FAILURE">
<![CDATA[  [CRM Mobile - OnlyTests] › ui\crm-onlytests.spec.ts:177:7 › CRM Error Handling - OnlyTests Approach › should handle AI service timeout 

    TimeoutError: locator.click: Timeout 10000ms exceeded.
    Call log:
      - waiting for getByRole('button', { name: 'Test OpenRouter Connection' })


       at ..\src\pages\ai-settings-page.ts:32

      30 |
      31 |   async testOpenRouterConnection(): Promise<boolean> {
    > 32 |     await this.testOpenRouterButton.click();
         |                                     ^
      33 |     try {
      34 |       await this.page.getByText('OpenRouter: Connected').waitFor({ timeout: 10000 });
      35 |       return true;
        at AISettingsPage.testOpenRouterConnection (E:\My\AI-Fitness_Coach_360\dev-crm\src\pages\ai-settings-page.ts:32:37)
        at E:\My\AI-Fitness_Coach_360\dev-crm\tests\ui\crm-onlytests.spec.ts:187:54

    attachment #1: screenshot (image/png) ──────────────────────────────────────────────────────────
    ..\test-results\ui-crm-onlytests-CRM-Error-5b80b-d-handle-AI-service-timeout-CRM-Mobile---OnlyTests\test-failed-1.png
    ────────────────────────────────────────────────────────────────────────────────────────────────

    attachment #2: video (video/webm) ──────────────────────────────────────────────────────────────
    ..\test-results\ui-crm-onlytests-CRM-Error-5b80b-d-handle-AI-service-timeout-CRM-Mobile---OnlyTests\video.webm
    ────────────────────────────────────────────────────────────────────────────────────────────────

    Error Context: ..\test-results\ui-crm-onlytests-CRM-Error-5b80b-d-handle-AI-service-timeout-CRM-Mobile---OnlyTests\error-context.md
]]>
</failure>
<system-out>
<![CDATA[
[[ATTACHMENT|test-results\ui-crm-onlytests-CRM-Error-5b80b-d-handle-AI-service-timeout-CRM-Mobile---OnlyTests\test-failed-1.png]]

[[ATTACHMENT|test-results\ui-crm-onlytests-CRM-Error-5b80b-d-handle-AI-service-timeout-CRM-Mobile---OnlyTests\video.webm]]

[[ATTACHMENT|test-results\ui-crm-onlytests-CRM-Error-5b80b-d-handle-AI-service-timeout-CRM-Mobile---OnlyTests\error-context.md]]
]]>
</system-out>
</testcase>
<testcase name="CRM Performance - OnlyTests Approach › should load pages within acceptable time" classname="ui\crm-onlytests.spec.ts" time="1.768">
</testcase>
<testcase name="CRM Performance - OnlyTests Approach › should handle large datasets efficiently" classname="ui\crm-onlytests.spec.ts" time="13.046">
<failure message="crm-onlytests.spec.ts:207:7 should handle large datasets efficiently" type="FAILURE">
<![CDATA[  [CRM Mobile - OnlyTests] › ui\crm-onlytests.spec.ts:207:7 › CRM Performance - OnlyTests Approach › should handle large datasets efficiently 

    Error: expect(locator).toBeVisible() failed

    Locator:  getByText('Project 1')
    Expected: visible
    Received: <element(s) not found>
    Timeout:  10000ms

    Call log:
      - Expect "toBeVisible" with timeout 10000ms
      - waiting for getByText('Project 1')


      220 |     
      221 |     // Проверка загрузки большого количества проектов
[...]
    ..\test-results\ui-crm-onlytests-CRM-User--83033-project-with-multiple-tasks-Accessibility---OnlyTests\video.webm
    ────────────────────────────────────────────────────────────────────────────────────────────────

    Error Context: ..\test-results\ui-crm-onlytests-CRM-User--83033-project-with-multiple-tasks-Accessibility---OnlyTests\error-context.md
]]>
</failure>
<system-out>
<![CDATA[
[[ATTACHMENT|test-results\ui-crm-onlytests-CRM-User--83033-project-with-multiple-tasks-Accessibility---OnlyTests\test-failed-1.png]]

[[ATTACHMENT|test-results\ui-crm-onlytests-CRM-User--83033-project-with-multiple-tasks-Accessibility---OnlyTests\video.webm]]

[[ATTACHMENT|test-results\ui-crm-onlytests-CRM-User--83033-project-with-multiple-tasks-Accessibility---OnlyTests\error-context.md]]
]]>
</system-out>
</testcase>
<testcase name="CRM Error Handling - OnlyTests Approach › should handle network errors gracefully" classname="ui\crm-onlytests.spec.ts" time="12.338">
<failure message="crm-onlytests.spec.ts:152:7 should handle network errors gracefully" type="FAILURE">
<![CDATA[  [Accessibility - OnlyTests] › ui\crm-onlytests.spec.ts:152:7 › CRM Error Handling - OnlyTests Approach › should handle network errors gracefully 

    TimeoutError: locator.click: Timeout 10000ms exceeded.
    Call log:
      - waiting for getByRole('button', { name: 'New Project' })


       at ..\src\pages\projects-page.ts:44

      42 |
      43 |   async createProject(name: string, description: string, priority: string = 'medium'): Promise<void> {
    > 44 |     await this.newProjectButton.click();
         |                                 ^
      45 |     await this.projectNameInput.fill(name);
      46 |     await this.projectDescriptionInput.fill(description);
      47 |     await this.prioritySelect.selectOption(priority);
        at ProjectsPage.createProject (E:\My\AI-Fitness_Coach_360\dev-crm\src\pages\projects-page.ts:44:33)
        at E:\My\AI-Fitness_Coach_360\dev-crm\tests\ui\crm-onlytests.spec.ts:159:24

    attachment #1: screenshot (image/png) ──────────────────────────────────────────────────────────
    ..\test-results\ui-crm-onlytests-CRM-Error-4ad97-e-network-errors-gracefully-Accessibility---OnlyTests\test-failed-1.png
    ────────────────────────────────────────────────────────────────────────────────────────────────

    attachment #2: video (video/webm) ──────────────────────────────────────────────────────────────
    ..\test-results\ui-crm-onlytests-CRM-Error-4ad97-e-network-errors-gracefully-Accessibility---OnlyTests\video.webm
    ────────────────────────────────────────────────────────────────────────────────────────────────

    Error Context: ..\test-results\ui-crm-onlytests-CRM-Error-4ad97-e-network-errors-gracefully-Accessibility---OnlyTests\error-context.md
]]>
</failure>
<system-out>
<![CDATA[
[[ATTACHMENT|test-results\ui-crm-onlytests-CRM-Error-4ad97-e-network-errors-gracefully-Accessibility---OnlyTests\test-failed-1.png]]

[[ATTACHMENT|test-results\ui-crm-onlytests-CRM-Error-4ad97-e-network-errors-gracefully-Accessibility---OnlyTests\video.webm]]

[[ATTACHMENT|test-results\ui-crm-onlytests-CRM-Error-4ad97-e-network-errors-gracefully-Accessibility---OnlyTests\error-context.md]]
]]>
</system-out>
</testcase>
<testcase name="CRM Error Handling - OnlyTests Approach › should handle validation errors" classname="ui\crm-onlytests.spec.ts" time="12.229">
<failure message="crm-onlytests.spec.ts:166:7 should handle validation errors" type="FAILURE">
<![CDATA[  [Accessibility - OnlyTests] › ui\crm-onlytests.spec.ts:166:7 › CRM Error Handling - OnlyTests Approach › should handle validation errors 

    TimeoutError: locator.click: Timeout 10000ms exceeded.
    Call log:
      - waiting for getByRole('button', { name: 'New Project' })


      168 |     
      169 |     // Попытка создания проекта с пустым именем
    > 170 |     await projectsPage.newProjectButton.click();
          |                                         ^
      171 |     await projectsPage.saveProjectButton.click();
      172 |     
      173 |     // Проверка валидации
        at E:\My\AI-Fitness_Coach_360\dev-crm\tests\ui\crm-onlytests.spec.ts:170:41

    attachment #1: screenshot (image/png) ──────────────────────────────────────────────────────────
    ..\test-results\ui-crm-onlytests-CRM-Error-1dec1-ld-handle-validation-errors-Accessibility---OnlyTests\test-failed-1.png
    ────────────────────────────────────────────────────────────────────────────────────────────────

    attachment #2: video (video/webm) ──────────────────────────────────────────────────────────────
    ..\test-results\ui-crm-onlytests-CRM-Error-1dec1-ld-handle-validation-errors-Accessibility---OnlyTests\video.webm
    ────────────────────────────────────────────────────────────────────────────────────────────────

    Error Context: ..\test-results\ui-crm-onlytests-CRM-Error-1dec1-ld-handle-validation-errors-Accessibility---OnlyTests\error-context.md
]]>
</failure>
<system-out>
<![CDATA[
[[ATTACHMENT|test-results\ui-crm-onlytests-CRM-Error-1dec1-ld-handle-validation-errors-Accessibility---OnlyTests\test-failed-1.png]]

[[ATTACHMENT|test-results\ui-crm-onlytests-CRM-Error-1dec1-ld-handle-validation-errors-Accessibility---OnlyTests\video.webm]]

[[ATTACHMENT|test-results\ui-crm-onlytests-CRM-Error-1dec1-ld-handle-validation-errors-Accessibility---OnlyTests\error-context.md]]
]]>
</system-out>
</testcase>
<testcase name="CRM Error Handling - OnlyTests Approach › should handle AI service timeout" classname="ui\crm-onlytests.spec.ts" time="11.756">
<failure message="crm-onlytests.spec.ts:177:7 should handle AI service timeout" type="FAILURE">
<![CDATA[  [Accessibility - OnlyTests] › ui\crm-onlytests.spec.ts:177:7 › CRM Error Handling - OnlyTests Approach › should handle AI service timeout 

    TimeoutError: locator.click: Timeout 10000ms exceeded.
    Call log:
      - waiting for getByRole('button', { name: 'Test OpenRouter Connection' })


       at ..\src\pages\ai-settings-page.ts:32

      30 |
      31 |   async testOpenRouterConnection(): Promise<boolean> {
    > 32 |     await this.testOpenRouterButton.click();
         |                                     ^
      33 |     try {
      34 |       await this.page.getByText('OpenRouter: Connected').waitFor({ timeout: 10000 });
      35 |       return true;
        at AISettingsPage.testOpenRouterConnection (E:\My\AI-Fitness_Coach_360\dev-crm\src\pages\ai-settings-page.ts:32:37)
        at E:\My\AI-Fitness_Coach_360\dev-crm\tests\ui\crm-onlytests.spec.ts:187:54

    attachment #1: screenshot (image/png) ──────────────────────────────────────────────────────────
    ..\test-results\ui-crm-onlytests-CRM-Error-5b80b-d-handle-AI-service-timeout-Accessibility---OnlyTests\test-failed-1.png
    ────────────────────────────────────────────────────────────────────────────────────────────────

    attachment #2: video (video/webm) ──────────────────────────────────────────────────────────────
    ..\test-results\ui-crm-onlytests-CRM-Error-5b80b-d-handle-AI-service-timeout-Accessibility---OnlyTests\video.webm
    ────────────────────────────────────────────────────────────────────────────────────────────────

    Error Context: ..\test-results\ui-crm-onlytests-CRM-Error-5b80b-d-handle-AI-service-timeout-Accessibility---OnlyTests\error-context.md
]]>
</failure>
<system-out>
<![CDATA[
[[ATTACHMENT|test-results\ui-crm-onlytests-CRM-Error-5b80b-d-handle-AI-service-timeout-Accessibility---OnlyTests\test-failed-1.png]]

[[ATTACHMENT|test-results\ui-crm-onlytests-CRM-Error-5b80b-d-handle-AI-service-timeout-Accessibility---OnlyTests\video.webm]]

[[ATTACHMENT|test-results\ui-crm-onlytests-CRM-Error-5b80b-d-handle-AI-service-timeout-Accessibility---OnlyTests\error-context.md]]
]]>
</system-out>
</testcase>
<testcase name="CRM Performance - OnlyTests Approach › should load pages within acceptable time" classname="ui\crm-onlytests.spec.ts" time="1.189">
</testcase>
<testcase name="CRM Performance - OnlyTests Approach › should handle large datasets efficiently" classname="ui\crm-onlytests.spec.ts" time="11.817">
<failure message="crm-onlytests.spec.ts:207:7 should handle large datasets efficiently" type="FAILURE">
<![CDATA[  [Accessibility - OnlyTests] › ui\crm-onlytests.spec.ts:207:7 › CRM Performance - OnlyTests Approach › should handle large datasets efficiently 

    Error: expect(locator).toBeVisible() failed

    Locator:  getByText('Project 1')
    Expected: visible
    Received: <element(s) not found>
    Timeout:  10000ms

    Call log:
      - Expect "toBeVisible" with timeout 10000ms
      - waiting for getByText('Project 1')


      220 |     
      221 |     // Проверка загрузки большого количества проектов
    > 222 |     await expect(projectsPage.page.getByText('Project 1')).toBeVisible();
          |                                                            ^
      223 |     await expect(projectsPage.page.getByText('Project 100')).toBeVisible();
      224 |     
      225 |     // Проверка производительности пагинации
        at E:\My\AI-Fitness_Coach_360\dev-crm\tests\ui\crm-onlytests.spec.ts:222:60

    attachment #1: screenshot (image/png) ──────────────────────────────────────────────────────────
    ..\test-results\ui-crm-onlytests-CRM-Perfo-3e034--large-datasets-efficiently-Accessibility---OnlyTests\test-failed-1.png
    ────────────────────────────────────────────────────────────────────────────────────────────────

    attachment #2: video (video/webm) ──────────────────────────────────────────────────────────────
    ..\test-results\ui-crm-onlytests-CRM-Perfo-3e034--large-datasets-efficiently-Accessibility---OnlyTests\video.webm
    ────────────────────────────────────────────────────────────────────────────────────────────────

    Error Context: ..\test-results\ui-crm-onlytests-CRM-Perfo-3e034--large-datasets-efficiently-Accessibility---OnlyTests\error-context.md
]]>
</failure>
<system-out>
<![CDATA[
[[ATTACHMENT|test-results\ui-crm-onlytests-CRM-Perfo-3e034--large-datasets-efficiently-Accessibility---OnlyTests\test-failed-1.png]]

[[ATTACHMENT|test-results\ui-crm-onlytests-CRM-Perfo-3e034--large-datasets-efficiently-Accessibility---OnlyTests\video.webm]]

[[ATTACHMENT|test-results\ui-crm-onlytests-CRM-Perfo-3e034--large-datasets-efficiently-Accessibility---OnlyTests\error-context.md]]
]]>
</system-out>
</testcase>
<testcase name="CRM Accessibility - OnlyTests Approach › should support keyboard navigation" classname="ui\crm-onlytests.spec.ts" time="11.583">
<failure message="crm-onlytests.spec.ts:234:7 should support keyboard navigation" type="FAILURE">
<![CDATA[  [Accessibility - OnlyTests] › ui\crm-onlytests.spec.ts:234:7 › CRM Accessibility - OnlyTests Approach › should support keyboard navigation 

    Error: expect(locator).toBeFocused() failed

    Locator:  getByRole('button', { name: 'New Project' })
    Expected: focused
    Received: <element(s) not found>
    Timeout:  10000ms

    Call log:
      - Expect "toBeFocused" with timeout 10000ms
      - waiting for getByRole('button', { name: 'New Project' })


      241 |     
      242 |     // Проверка фокуса на кнопке
    > 243 |     await expect(projectsPage.newProjectButton).toBeFocused();
          |                                                 ^
      244 |   });
      245 |
      246 |   test('should have proper ARIA attributes', async ({ projectsPage }) => {
        at E:\My\AI-Fitness_Coach_360\dev-crm\tests\ui\crm-onlytests.spec.ts:243:49

    attachment #1: screenshot (image/png) ──────────────────────────────────────────────────────────
    ..\test-results\ui-crm-onlytests-CRM-Acces-605c1-support-keyboard-navigation-Accessibility---OnlyTests\test-failed-1.png
    ────────────────────────────────────────────────────────────────────────────────────────────────

    attachment #2: video (video/webm) ──────────────────────────────────────────────────────────────
    ..\test-results\ui-crm-onlytests-CRM-Acces-605c1-support-keyboard-navigation-Accessibility---OnlyTests\video.webm
    ────────────────────────────────────────────────────────────────────────────────────────────────

    Error Context: ..\test-results\ui-crm-onlytests-CRM-Acces-605c1-support-keyboard-navigation-Accessibility---OnlyTests\error-context.md
]]>
</failure>
<system-out>
<![CDATA[
[[ATTACHMENT|test-results\ui-crm-onlytests-CRM-Acces-605c1-support-keyboard-navigation-Accessibility---OnlyTests\test-failed-1.png]]

[[ATTACHMENT|test-results\ui-crm-onlytests-CRM-Acces-605c1-support-keyboard-navigation-Accessibility---OnlyTests\video.webm]]

[[ATTACHMENT|test-results\ui-crm-onlytests-CRM-Acces-605c1-support-keyboard-navigation-Accessibility---OnlyTests\error-context.md]]
]]>
</system-out>
</testcase>
<testcase name="CRM Accessibility - OnlyTests Approach › should have proper ARIA attributes" classname="ui\crm-onlytests.spec.ts" time="11.94">
<failure message="crm-onlytests.spec.ts:246:7 should have proper ARIA attributes" type="FAILURE">
<![CDATA[  [Accessibility - OnlyTests] › ui\crm-onlytests.spec.ts:246:7 › CRM Accessibility - OnlyTests Approach › should have proper ARIA attributes 

    Error: expect(locator).toBeVisible() failed

    Locator:  getByRole('button', { name: 'New Project' })
    Expected: visible
    Received: <element(s) not found>
    Timeout:  10000ms

    Call log:
      - Expect "toBeVisible" with timeout 10000ms
      - waiting for getByRole('button', { name: 'New Project' })


      248 |     
      249 |     // Проверка ARIA атрибутов
    > 250 |     await expect(projectsPage.newProjectButton).toBeVisible();
          |                                                 ^
      251 |     await expect(projectsPage.page.getByRole('heading', { name: 'Projects' })).toBeVisible();
      252 |     await expect(projectsPage.page.getByRole('main')).toBeVisible();
      253 |     await expect(projectsPage.page.getByRole('navigation')).toBeVisible();
        at E:\My\AI-Fitness_Coach_360\dev-crm\tests\ui\crm-onlytests.spec.ts:250:49

    attachment #1: screenshot (image/png) ──────────────────────────────────────────────────────────
    ..\test-results\ui-crm-onlytests-CRM-Acces-65dac-have-proper-ARIA-attributes-Accessibility---OnlyTests\test-failed-1.png
    ────────────────────────────────────────────────────────────────────────────────────────────────

    attachment #2: video (video/webm) ──────────────────────────────────────────────────────────────
    ..\test-results\ui-crm-onlytests-CRM-Acces-65dac-have-proper-ARIA-attributes-Accessibility---OnlyTests\video.webm
    ────────────────────────────────────────────────────────────────────────────────────────────────

    Error Context: ..\test-results\ui-crm-onlytests-CRM-Acces-65dac-have-proper-ARIA-attributes-Accessibility---OnlyTests\error-context.md
]]>
</failure>
<system-out>
<![CDATA[
[[ATTACHMENT|test-results\ui-crm-onlytests-CRM-Acces-65dac-have-proper-ARIA-attributes-Accessibility---OnlyTests\test-failed-1.png]]

[[ATTACHMENT|test-results\ui-crm-onlytests-CRM-Acces-65dac-have-proper-ARIA-attributes-Accessibility---OnlyTests\video.webm]]

[[ATTACHMENT|test-results\ui-crm-onlytests-CRM-Acces-65dac-have-proper-ARIA-attributes-Accessibility---OnlyTests\error-context.md]]
]]>
</system-out>
</testcase>
<testcase name="CRM Mobile - OnlyTests Approach › should work on mobile devices" classname="ui\crm-onlytests.spec.ts" time="11.751">
<failure message="crm-onlytests.spec.ts:258:7 should work on mobile devices" type="FAILURE">
<![CDATA[  [Accessibility - OnlyTests] › ui\crm-onlytests.spec.ts:258:7 › CRM Mobile - OnlyTests Approach › should work on mobile devices 

    TimeoutError: locator.click: Timeout 10000ms exceeded.
    Call log:
      - waiting for getByRole('button', { name: 'Menu' })


      263 |     
      264 |     // Проверка мобильного меню
    > 265 |     await projectsPage.page.getByRole('button', { name: 'Menu' }).click();
          |                                                                   ^
      266 |     await expect(projectsPage.page.getByRole('navigation')).toBeVisible();
      267 |     
      268 |     // Проверка создания проекта на мобильном
        at E:\My\AI-Fitness_Coach_360\dev-crm\tests\ui\crm-onlytests.spec.ts:265:67

    attachment #1: screenshot (image/png) ──────────────────────────────────────────────────────────
    ..\test-results\ui-crm-onlytests-CRM-Mobil-0b67b-ould-work-on-mobile-devices-Accessibility---OnlyTests\test-failed-1.png
    ────────────────────────────────────────────────────────────────────────────────────────────────

    attachment #2: video (video/webm) ──────────────────────────────────────────────────────────────
    ..\test-results\ui-crm-onlytests-CRM-Mobil-0b67b-ould-work-on-mobile-devices-Accessibility---OnlyTests\video.webm
    ────────────────────────────────────────────────────────────────────────────────────────────────

    Error Context: ..\test-results\ui-crm-onlytests-CRM-Mobil-0b67b-ould-work-on-mobile-devices-Accessibility---OnlyTests\error-context.md
]]>
</failure>
<system-out>
<![CDATA[
[[ATTACHMENT|test-results\ui-crm-onlytests-CRM-Mobil-0b67b-ould-work-on-mobile-devices-Accessibility---OnlyTests\test-failed-1.png]]

[[ATTACHMENT|test-results\ui-crm-onlytests-CRM-Mobil-0b67b-ould-work-on-mobile-devices-Accessibility---OnlyTests\video.webm]]

[[ATTACHMENT|test-results\ui-crm-onlytests-CRM-Mobil-0b67b-ould-work-on-mobile-devices-Accessibility---OnlyTests\error-context.md]]
]]>
</system-out>
</testcase>
<testcase name="CRM Mobile - OnlyTests Approach › should work on tablet devices" classname="ui\crm-onlytests.spec.ts" time="11.646">
<failure message="crm-onlytests.spec.ts:275:7 should work on tablet devices" type="FAILURE">
<![CDATA[  [Accessibility - OnlyTests] › ui\crm-onlytests.spec.ts:275:7 › CRM Mobile - OnlyTests Approach › should work on tablet devices 

    TimeoutError: locator.click: Timeout 10000ms exceeded.
    Call log:
      - waiting for getByRole('button', { name: 'New Task' })


       at ..\src\pages\tasks-page.ts:44

      42 |
      43 |   async createTask(title: string, description: string, priority: string = 'medium'): Promise<void> {
    > 44 |     await this.newTaskButton.click();
         |                              ^
      45 |     await this.taskTitleInput.fill(title);
      46 |     await this.taskDescriptionInput.fill(description);
      47 |     await this.prioritySelect.selectOption(priority);
        at TasksPage.createTask (E:\My\AI-Fitness_Coach_360\dev-crm\src\pages\tasks-page.ts:44:30)
        at E:\My\AI-Fitness_Coach_360\dev-crm\tests\ui\crm-onlytests.spec.ts:282:21

    attachment #1: screenshot (image/png) ──────────────────────────────────────────────────────────
    ..\test-results\ui-crm-onlytests-CRM-Mobil-fd744-ould-work-on-tablet-devices-Accessibility---OnlyTests\test-failed-1.png
    ────────────────────────────────────────────────────────────────────────────────────────────────

    attachment #2: video (video/webm) ──────────────────────────────────────────────────────────────
    ..\test-results\ui-crm-onlytests-CRM-Mobil-fd744-ould-work-on-tablet-devices-Accessibility---OnlyTests\video.webm
    ────────────────────────────────────────────────────────────────────────────────────────────────

    Error Context: ..\test-results\ui-crm-onlytests-CRM-Mobil-fd744-ould-work-on-tablet-devices-Accessibility---OnlyTests\error-context.md
]]>
</failure>
<system-out>
<![CDATA[
[[ATTACHMENT|test-results\ui-crm-onlytests-CRM-Mobil-fd744-ould-work-on-tablet-devices-Accessibility---OnlyTests\test-failed-1.png]]

[[ATTACHMENT|test-results\ui-crm-onlytests-CRM-Mobil-fd744-ould-work-on-tablet-devices-Accessibility---OnlyTests\video.webm]]

[[ATTACHMENT|test-results\ui-crm-onlytests-CRM-Mobil-fd744-ould-work-on-tablet-devices-Accessibility---OnlyTests\error-context.md]]
]]>
</system-out>
</testcase>
</testsuite>
</testsuites>